[2025-04-10T13:51:06.194+0000] {local_task_job_runner.py:123} INFO - ::group::Pre task execution logs
[2025-04-10T13:51:06.223+0000] {taskinstance.py:2614} INFO - Dependencies all met for dep_context=non-requeueable deps ti=<TaskInstance: data_approval_dag.preview manual__2025-04-10T13:50:59.662162+00:00 [queued]>
[2025-04-10T13:51:06.239+0000] {taskinstance.py:2614} INFO - Dependencies all met for dep_context=requeueable deps ti=<TaskInstance: data_approval_dag.preview manual__2025-04-10T13:50:59.662162+00:00 [queued]>
[2025-04-10T13:51:06.239+0000] {taskinstance.py:2867} INFO - Starting attempt 1 of 1
[2025-04-10T13:51:06.262+0000] {taskinstance.py:2890} INFO - Executing <Task(PythonOperator): preview> on 2025-04-10 13:50:59.662162+00:00
[2025-04-10T13:51:06.282+0000] {warnings.py:112} WARNING - /home/***/.local/lib/python3.12/site-packages/***/task/task_runner/standard_task_runner.py:70: DeprecationWarning: This process (pid=119) is multi-threaded, use of fork() may lead to deadlocks in the child.
  pid = os.fork()

[2025-04-10T13:51:06.286+0000] {standard_task_runner.py:72} INFO - Started process 121 to run task
[2025-04-10T13:51:06.282+0000] {standard_task_runner.py:104} INFO - Running: ['***', 'tasks', 'run', 'data_approval_dag', 'preview', 'manual__2025-04-10T13:50:59.662162+00:00', '--job-id', '8', '--raw', '--subdir', 'DAGS_FOLDER/data_approval_dag.py', '--cfg-path', '/tmp/tmpzh4zjxhy']
[2025-04-10T13:51:06.295+0000] {standard_task_runner.py:105} INFO - Job 8: Subtask preview
[2025-04-10T13:51:06.411+0000] {task_command.py:467} INFO - Running <TaskInstance: data_approval_dag.preview manual__2025-04-10T13:50:59.662162+00:00 [running]> on host 8e2e65f40186
[2025-04-10T13:51:06.524+0000] {taskinstance.py:3134} INFO - Exporting env vars: AIRFLOW_CTX_DAG_OWNER='***' AIRFLOW_CTX_DAG_ID='data_approval_dag' AIRFLOW_CTX_TASK_ID='preview' AIRFLOW_CTX_EXECUTION_DATE='2025-04-10T13:50:59.662162+00:00' AIRFLOW_CTX_TRY_NUMBER='1' AIRFLOW_CTX_DAG_RUN_ID='manual__2025-04-10T13:50:59.662162+00:00'
[2025-04-10T13:51:06.529+0000] {taskinstance.py:732} INFO - ::endgroup::
[2025-04-10T13:51:06.576+0000] {logging_mixin.py:190} INFO - preview
[2025-04-10T13:51:06.576+0000] {python.py:240} INFO - Done. Returned value was: None
[2025-04-10T13:51:06.591+0000] {taskinstance.py:341} INFO - ::group::Post task execution logs
[2025-04-10T13:51:06.591+0000] {taskinstance.py:353} INFO - Marking task as SUCCESS. dag_id=data_approval_dag, task_id=preview, run_id=manual__2025-04-10T13:50:59.662162+00:00, execution_date=20250410T135059, start_date=20250410T135106, end_date=20250410T135106
[2025-04-10T13:51:06.669+0000] {local_task_job_runner.py:266} INFO - Task exited with return code 0
[2025-04-10T13:51:06.696+0000] {taskinstance.py:3901} INFO - 0 downstream tasks scheduled from follow-on schedule check
[2025-04-10T13:51:06.699+0000] {local_task_job_runner.py:245} INFO - ::endgroup::
