[2025-04-10T19:12:37.073+0000] {local_task_job_runner.py:123} INFO - ::group::Pre task execution logs
[2025-04-10T19:12:37.115+0000] {taskinstance.py:2614} INFO - Dependencies all met for dep_context=non-requeueable deps ti=<TaskInstance: approval_workflow.fetch_data manual__2025-04-10T19:12:34.976092+00:00 [queued]>
[2025-04-10T19:12:37.131+0000] {taskinstance.py:2614} INFO - Dependencies all met for dep_context=requeueable deps ti=<TaskInstance: approval_workflow.fetch_data manual__2025-04-10T19:12:34.976092+00:00 [queued]>
[2025-04-10T19:12:37.131+0000] {taskinstance.py:2867} INFO - Starting attempt 1 of 2
[2025-04-10T19:12:37.159+0000] {taskinstance.py:2890} INFO - Executing <Task(PythonOperator): fetch_data> on 2025-04-10 19:12:34.976092+00:00
[2025-04-10T19:12:37.170+0000] {warnings.py:112} WARNING - /home/***/.local/lib/python3.12/site-packages/***/task/task_runner/standard_task_runner.py:70: DeprecationWarning: This process (pid=234) is multi-threaded, use of fork() may lead to deadlocks in the child.
  pid = os.fork()

[2025-04-10T19:12:37.173+0000] {standard_task_runner.py:72} INFO - Started process 236 to run task
[2025-04-10T19:12:37.174+0000] {standard_task_runner.py:104} INFO - Running: ['***', 'tasks', 'run', 'approval_workflow', 'fetch_data', 'manual__2025-04-10T19:12:34.976092+00:00', '--job-id', '17', '--raw', '--subdir', 'DAGS_FOLDER/custom_dag.py', '--cfg-path', '/tmp/tmp_2vvz96u']
[2025-04-10T19:12:37.178+0000] {standard_task_runner.py:105} INFO - Job 17: Subtask fetch_data
[2025-04-10T19:12:37.249+0000] {task_command.py:467} INFO - Running <TaskInstance: approval_workflow.fetch_data manual__2025-04-10T19:12:34.976092+00:00 [running]> on host b99a7f546fb2
[2025-04-10T19:12:37.673+0000] {taskinstance.py:3134} INFO - Exporting env vars: AIRFLOW_CTX_DAG_OWNER='***' AIRFLOW_CTX_DAG_ID='approval_workflow' AIRFLOW_CTX_TASK_ID='fetch_data' AIRFLOW_CTX_EXECUTION_DATE='2025-04-10T19:12:34.976092+00:00' AIRFLOW_CTX_TRY_NUMBER='1' AIRFLOW_CTX_DAG_RUN_ID='manual__2025-04-10T19:12:34.976092+00:00'
[2025-04-10T19:12:37.675+0000] {taskinstance.py:732} INFO - ::endgroup::
[2025-04-10T19:12:37.711+0000] {logging_mixin.py:190} INFO - fetch_data execute..
[2025-04-10T19:12:37.712+0000] {logging_mixin.py:190} INFO - Files in directory: ['data.xlsx']
[2025-04-10T19:12:37.712+0000] {logging_mixin.py:190} INFO - data.xlsx
[2025-04-10T19:12:37.982+0000] {logging_mixin.py:190} INFO -    ID     Name  Age Department     Contact            Email
0   1    Alice   30         HR  12345678.0  test1@gmail.com
1   2      Bob   25         IT  98765432.0  test2@gmail.com
2   3  Charlie   35    Finance         NaN  test3@gmail.com
[2025-04-10T19:12:38.020+0000] {python.py:240} INFO - Done. Returned value was: None
[2025-04-10T19:12:38.036+0000] {taskinstance.py:341} INFO - ::group::Post task execution logs
[2025-04-10T19:12:38.037+0000] {taskinstance.py:353} INFO - Marking task as SUCCESS. dag_id=approval_workflow, task_id=fetch_data, run_id=manual__2025-04-10T19:12:34.976092+00:00, execution_date=20250410T191234, start_date=20250410T191237, end_date=20250410T191238
[2025-04-10T19:12:38.115+0000] {local_task_job_runner.py:266} INFO - Task exited with return code 0
[2025-04-10T19:12:38.164+0000] {taskinstance.py:3901} INFO - 1 downstream tasks scheduled from follow-on schedule check
[2025-04-10T19:12:38.167+0000] {local_task_job_runner.py:245} INFO - ::endgroup::
