[2025-04-16T03:58:56.104+0000] {processor.py:186} INFO - Started process (PID=142) to work on /opt/airflow/dags/custom_dag.py
[2025-04-16T03:58:56.106+0000] {processor.py:914} INFO - Processing file /opt/airflow/dags/custom_dag.py for tasks to queue
[2025-04-16T03:58:56.110+0000] {logging_mixin.py:190} INFO - [2025-04-16T03:58:56.109+0000] {dagbag.py:588} INFO - Filling up the DagBag from /opt/airflow/dags/custom_dag.py
[2025-04-16T03:58:56.647+0000] {processor.py:925} INFO - DAG(s) 'approval_rejection_dag' retrieved from /opt/airflow/dags/custom_dag.py
[2025-04-16T03:58:56.657+0000] {logging_mixin.py:190} INFO - [2025-04-16T03:58:56.656+0000] {dag.py:3239} INFO - Sync 1 DAGs
[2025-04-16T03:58:56.668+0000] {logging_mixin.py:190} INFO - [2025-04-16T03:58:56.668+0000] {dag.py:4180} INFO - Setting next_dagrun for approval_rejection_dag to None, run_after=None
[2025-04-16T03:58:56.695+0000] {processor.py:208} INFO - Processing /opt/airflow/dags/custom_dag.py took 0.606 seconds
[2025-04-16T03:59:27.648+0000] {processor.py:186} INFO - Started process (PID=154) to work on /opt/airflow/dags/custom_dag.py
[2025-04-16T03:59:27.650+0000] {processor.py:914} INFO - Processing file /opt/airflow/dags/custom_dag.py for tasks to queue
[2025-04-16T03:59:27.662+0000] {logging_mixin.py:190} INFO - [2025-04-16T03:59:27.660+0000] {dagbag.py:588} INFO - Filling up the DagBag from /opt/airflow/dags/custom_dag.py
[2025-04-16T03:59:28.746+0000] {processor.py:925} INFO - DAG(s) 'approval_rejection_dag' retrieved from /opt/airflow/dags/custom_dag.py
[2025-04-16T03:59:28.909+0000] {logging_mixin.py:190} INFO - [2025-04-16T03:59:28.907+0000] {dag.py:3239} INFO - Sync 1 DAGs
[2025-04-16T03:59:28.925+0000] {logging_mixin.py:190} INFO - [2025-04-16T03:59:28.925+0000] {dag.py:4180} INFO - Setting next_dagrun for approval_rejection_dag to None, run_after=None
[2025-04-16T03:59:28.949+0000] {processor.py:208} INFO - Processing /opt/airflow/dags/custom_dag.py took 1.332 seconds
[2025-04-16T03:59:59.258+0000] {processor.py:186} INFO - Started process (PID=166) to work on /opt/airflow/dags/custom_dag.py
[2025-04-16T03:59:59.263+0000] {processor.py:914} INFO - Processing file /opt/airflow/dags/custom_dag.py for tasks to queue
[2025-04-16T03:59:59.266+0000] {logging_mixin.py:190} INFO - [2025-04-16T03:59:59.266+0000] {dagbag.py:588} INFO - Filling up the DagBag from /opt/airflow/dags/custom_dag.py
[2025-04-16T04:00:00.226+0000] {processor.py:925} INFO - DAG(s) 'approval_rejection_dag' retrieved from /opt/airflow/dags/custom_dag.py
[2025-04-16T04:00:00.252+0000] {logging_mixin.py:190} INFO - [2025-04-16T04:00:00.248+0000] {dag.py:3239} INFO - Sync 1 DAGs
[2025-04-16T04:00:00.289+0000] {logging_mixin.py:190} INFO - [2025-04-16T04:00:00.288+0000] {dag.py:4180} INFO - Setting next_dagrun for approval_rejection_dag to None, run_after=None
[2025-04-16T04:00:00.332+0000] {processor.py:208} INFO - Processing /opt/airflow/dags/custom_dag.py took 1.095 seconds
[2025-04-16T04:00:30.386+0000] {processor.py:186} INFO - Started process (PID=178) to work on /opt/airflow/dags/custom_dag.py
[2025-04-16T04:00:30.387+0000] {processor.py:914} INFO - Processing file /opt/airflow/dags/custom_dag.py for tasks to queue
[2025-04-16T04:00:30.389+0000] {logging_mixin.py:190} INFO - [2025-04-16T04:00:30.389+0000] {dagbag.py:588} INFO - Filling up the DagBag from /opt/airflow/dags/custom_dag.py
[2025-04-16T04:00:30.893+0000] {processor.py:925} INFO - DAG(s) 'approval_rejection_dag' retrieved from /opt/airflow/dags/custom_dag.py
[2025-04-16T04:00:31.004+0000] {logging_mixin.py:190} INFO - [2025-04-16T04:00:31.003+0000] {dag.py:3239} INFO - Sync 1 DAGs
[2025-04-16T04:00:31.016+0000] {logging_mixin.py:190} INFO - [2025-04-16T04:00:31.015+0000] {dag.py:4180} INFO - Setting next_dagrun for approval_rejection_dag to None, run_after=None
[2025-04-16T04:00:31.044+0000] {processor.py:208} INFO - Processing /opt/airflow/dags/custom_dag.py took 0.665 seconds
[2025-04-16T04:01:01.329+0000] {processor.py:186} INFO - Started process (PID=190) to work on /opt/airflow/dags/custom_dag.py
[2025-04-16T04:01:01.330+0000] {processor.py:914} INFO - Processing file /opt/airflow/dags/custom_dag.py for tasks to queue
[2025-04-16T04:01:01.334+0000] {logging_mixin.py:190} INFO - [2025-04-16T04:01:01.333+0000] {dagbag.py:588} INFO - Filling up the DagBag from /opt/airflow/dags/custom_dag.py
[2025-04-16T04:01:01.794+0000] {processor.py:925} INFO - DAG(s) 'approval_rejection_dag' retrieved from /opt/airflow/dags/custom_dag.py
[2025-04-16T04:01:01.804+0000] {logging_mixin.py:190} INFO - [2025-04-16T04:01:01.804+0000] {dag.py:3239} INFO - Sync 1 DAGs
[2025-04-16T04:01:01.816+0000] {logging_mixin.py:190} INFO - [2025-04-16T04:01:01.816+0000] {dag.py:4180} INFO - Setting next_dagrun for approval_rejection_dag to None, run_after=None
[2025-04-16T04:01:01.839+0000] {processor.py:208} INFO - Processing /opt/airflow/dags/custom_dag.py took 0.520 seconds
[2025-04-16T04:01:32.343+0000] {processor.py:186} INFO - Started process (PID=202) to work on /opt/airflow/dags/custom_dag.py
[2025-04-16T04:01:32.344+0000] {processor.py:914} INFO - Processing file /opt/airflow/dags/custom_dag.py for tasks to queue
[2025-04-16T04:01:32.347+0000] {logging_mixin.py:190} INFO - [2025-04-16T04:01:32.346+0000] {dagbag.py:588} INFO - Filling up the DagBag from /opt/airflow/dags/custom_dag.py
[2025-04-16T04:01:32.777+0000] {processor.py:925} INFO - DAG(s) 'approval_rejection_dag' retrieved from /opt/airflow/dags/custom_dag.py
[2025-04-16T04:01:32.889+0000] {logging_mixin.py:190} INFO - [2025-04-16T04:01:32.888+0000] {dag.py:3239} INFO - Sync 1 DAGs
[2025-04-16T04:01:32.903+0000] {logging_mixin.py:190} INFO - [2025-04-16T04:01:32.903+0000] {dag.py:4180} INFO - Setting next_dagrun for approval_rejection_dag to None, run_after=None
[2025-04-16T04:01:32.930+0000] {processor.py:208} INFO - Processing /opt/airflow/dags/custom_dag.py took 0.595 seconds
[2025-04-16T04:02:03.275+0000] {processor.py:186} INFO - Started process (PID=214) to work on /opt/airflow/dags/custom_dag.py
[2025-04-16T04:02:03.277+0000] {processor.py:914} INFO - Processing file /opt/airflow/dags/custom_dag.py for tasks to queue
[2025-04-16T04:02:03.280+0000] {logging_mixin.py:190} INFO - [2025-04-16T04:02:03.280+0000] {dagbag.py:588} INFO - Filling up the DagBag from /opt/airflow/dags/custom_dag.py
[2025-04-16T04:02:03.926+0000] {processor.py:925} INFO - DAG(s) 'approval_rejection_dag' retrieved from /opt/airflow/dags/custom_dag.py
[2025-04-16T04:02:03.937+0000] {logging_mixin.py:190} INFO - [2025-04-16T04:02:03.936+0000] {dag.py:3239} INFO - Sync 1 DAGs
[2025-04-16T04:02:03.954+0000] {logging_mixin.py:190} INFO - [2025-04-16T04:02:03.954+0000] {dag.py:4180} INFO - Setting next_dagrun for approval_rejection_dag to None, run_after=None
[2025-04-16T04:02:03.976+0000] {processor.py:208} INFO - Processing /opt/airflow/dags/custom_dag.py took 0.711 seconds
[2025-04-16T04:02:34.261+0000] {processor.py:186} INFO - Started process (PID=226) to work on /opt/airflow/dags/custom_dag.py
[2025-04-16T04:02:34.262+0000] {processor.py:914} INFO - Processing file /opt/airflow/dags/custom_dag.py for tasks to queue
[2025-04-16T04:02:34.266+0000] {logging_mixin.py:190} INFO - [2025-04-16T04:02:34.265+0000] {dagbag.py:588} INFO - Filling up the DagBag from /opt/airflow/dags/custom_dag.py
[2025-04-16T04:02:35.125+0000] {processor.py:925} INFO - DAG(s) 'approval_rejection_dag' retrieved from /opt/airflow/dags/custom_dag.py
[2025-04-16T04:02:35.263+0000] {logging_mixin.py:190} INFO - [2025-04-16T04:02:35.262+0000] {dag.py:3239} INFO - Sync 1 DAGs
[2025-04-16T04:02:35.278+0000] {logging_mixin.py:190} INFO - [2025-04-16T04:02:35.278+0000] {dag.py:4180} INFO - Setting next_dagrun for approval_rejection_dag to None, run_after=None
[2025-04-16T04:02:35.311+0000] {processor.py:208} INFO - Processing /opt/airflow/dags/custom_dag.py took 1.064 seconds
[2025-04-16T04:03:05.634+0000] {processor.py:186} INFO - Started process (PID=238) to work on /opt/airflow/dags/custom_dag.py
[2025-04-16T04:03:05.642+0000] {processor.py:914} INFO - Processing file /opt/airflow/dags/custom_dag.py for tasks to queue
[2025-04-16T04:03:05.646+0000] {logging_mixin.py:190} INFO - [2025-04-16T04:03:05.645+0000] {dagbag.py:588} INFO - Filling up the DagBag from /opt/airflow/dags/custom_dag.py
[2025-04-16T04:03:06.344+0000] {processor.py:925} INFO - DAG(s) 'approval_rejection_dag' retrieved from /opt/airflow/dags/custom_dag.py
[2025-04-16T04:03:06.355+0000] {logging_mixin.py:190} INFO - [2025-04-16T04:03:06.354+0000] {dag.py:3239} INFO - Sync 1 DAGs
[2025-04-16T04:03:06.371+0000] {logging_mixin.py:190} INFO - [2025-04-16T04:03:06.370+0000] {dag.py:4180} INFO - Setting next_dagrun for approval_rejection_dag to None, run_after=None
[2025-04-16T04:03:06.397+0000] {processor.py:208} INFO - Processing /opt/airflow/dags/custom_dag.py took 0.770 seconds
[2025-04-16T04:03:36.719+0000] {processor.py:186} INFO - Started process (PID=250) to work on /opt/airflow/dags/custom_dag.py
[2025-04-16T04:03:36.720+0000] {processor.py:914} INFO - Processing file /opt/airflow/dags/custom_dag.py for tasks to queue
[2025-04-16T04:03:36.723+0000] {logging_mixin.py:190} INFO - [2025-04-16T04:03:36.723+0000] {dagbag.py:588} INFO - Filling up the DagBag from /opt/airflow/dags/custom_dag.py
[2025-04-16T04:03:37.285+0000] {processor.py:925} INFO - DAG(s) 'approval_rejection_dag' retrieved from /opt/airflow/dags/custom_dag.py
[2025-04-16T04:03:37.389+0000] {logging_mixin.py:190} INFO - [2025-04-16T04:03:37.388+0000] {dag.py:3239} INFO - Sync 1 DAGs
[2025-04-16T04:03:37.401+0000] {logging_mixin.py:190} INFO - [2025-04-16T04:03:37.400+0000] {dag.py:4180} INFO - Setting next_dagrun for approval_rejection_dag to None, run_after=None
[2025-04-16T04:03:37.419+0000] {processor.py:208} INFO - Processing /opt/airflow/dags/custom_dag.py took 0.707 seconds
[2025-04-16T04:04:07.945+0000] {processor.py:186} INFO - Started process (PID=262) to work on /opt/airflow/dags/custom_dag.py
[2025-04-16T04:04:07.946+0000] {processor.py:914} INFO - Processing file /opt/airflow/dags/custom_dag.py for tasks to queue
[2025-04-16T04:04:07.948+0000] {logging_mixin.py:190} INFO - [2025-04-16T04:04:07.948+0000] {dagbag.py:588} INFO - Filling up the DagBag from /opt/airflow/dags/custom_dag.py
[2025-04-16T04:04:08.394+0000] {processor.py:925} INFO - DAG(s) 'approval_rejection_dag' retrieved from /opt/airflow/dags/custom_dag.py
[2025-04-16T04:04:08.405+0000] {logging_mixin.py:190} INFO - [2025-04-16T04:04:08.405+0000] {dag.py:3239} INFO - Sync 1 DAGs
[2025-04-16T04:04:08.425+0000] {logging_mixin.py:190} INFO - [2025-04-16T04:04:08.424+0000] {dag.py:4180} INFO - Setting next_dagrun for approval_rejection_dag to None, run_after=None
[2025-04-16T04:04:08.450+0000] {processor.py:208} INFO - Processing /opt/airflow/dags/custom_dag.py took 0.511 seconds
[2025-04-16T04:04:38.714+0000] {processor.py:186} INFO - Started process (PID=274) to work on /opt/airflow/dags/custom_dag.py
[2025-04-16T04:04:38.715+0000] {processor.py:914} INFO - Processing file /opt/airflow/dags/custom_dag.py for tasks to queue
[2025-04-16T04:04:38.717+0000] {logging_mixin.py:190} INFO - [2025-04-16T04:04:38.717+0000] {dagbag.py:588} INFO - Filling up the DagBag from /opt/airflow/dags/custom_dag.py
[2025-04-16T04:04:39.183+0000] {processor.py:925} INFO - DAG(s) 'approval_rejection_dag' retrieved from /opt/airflow/dags/custom_dag.py
[2025-04-16T04:04:39.316+0000] {logging_mixin.py:190} INFO - [2025-04-16T04:04:39.316+0000] {dag.py:3239} INFO - Sync 1 DAGs
[2025-04-16T04:04:39.333+0000] {logging_mixin.py:190} INFO - [2025-04-16T04:04:39.333+0000] {dag.py:4180} INFO - Setting next_dagrun for approval_rejection_dag to None, run_after=None
[2025-04-16T04:04:39.365+0000] {processor.py:208} INFO - Processing /opt/airflow/dags/custom_dag.py took 0.657 seconds
[2025-04-16T04:05:09.665+0000] {processor.py:186} INFO - Started process (PID=286) to work on /opt/airflow/dags/custom_dag.py
[2025-04-16T04:05:09.674+0000] {processor.py:914} INFO - Processing file /opt/airflow/dags/custom_dag.py for tasks to queue
[2025-04-16T04:05:09.677+0000] {logging_mixin.py:190} INFO - [2025-04-16T04:05:09.676+0000] {dagbag.py:588} INFO - Filling up the DagBag from /opt/airflow/dags/custom_dag.py
[2025-04-16T04:05:10.400+0000] {processor.py:925} INFO - DAG(s) 'approval_rejection_dag' retrieved from /opt/airflow/dags/custom_dag.py
[2025-04-16T04:05:10.415+0000] {logging_mixin.py:190} INFO - [2025-04-16T04:05:10.414+0000] {dag.py:3239} INFO - Sync 1 DAGs
[2025-04-16T04:05:10.434+0000] {logging_mixin.py:190} INFO - [2025-04-16T04:05:10.434+0000] {dag.py:4180} INFO - Setting next_dagrun for approval_rejection_dag to None, run_after=None
[2025-04-16T04:05:10.458+0000] {processor.py:208} INFO - Processing /opt/airflow/dags/custom_dag.py took 0.801 seconds
[2025-04-16T04:05:40.792+0000] {processor.py:186} INFO - Started process (PID=296) to work on /opt/airflow/dags/custom_dag.py
[2025-04-16T04:05:40.801+0000] {processor.py:914} INFO - Processing file /opt/airflow/dags/custom_dag.py for tasks to queue
[2025-04-16T04:05:40.805+0000] {logging_mixin.py:190} INFO - [2025-04-16T04:05:40.804+0000] {dagbag.py:588} INFO - Filling up the DagBag from /opt/airflow/dags/custom_dag.py
[2025-04-16T04:05:41.473+0000] {processor.py:925} INFO - DAG(s) 'approval_rejection_dag' retrieved from /opt/airflow/dags/custom_dag.py
[2025-04-16T04:05:41.633+0000] {logging_mixin.py:190} INFO - [2025-04-16T04:05:41.633+0000] {dag.py:3239} INFO - Sync 1 DAGs
[2025-04-16T04:05:41.645+0000] {logging_mixin.py:190} INFO - [2025-04-16T04:05:41.644+0000] {dag.py:4180} INFO - Setting next_dagrun for approval_rejection_dag to None, run_after=None
[2025-04-16T04:05:41.661+0000] {processor.py:208} INFO - Processing /opt/airflow/dags/custom_dag.py took 0.880 seconds
[2025-04-16T04:06:11.965+0000] {processor.py:186} INFO - Started process (PID=308) to work on /opt/airflow/dags/custom_dag.py
[2025-04-16T04:06:11.974+0000] {processor.py:914} INFO - Processing file /opt/airflow/dags/custom_dag.py for tasks to queue
[2025-04-16T04:06:11.977+0000] {logging_mixin.py:190} INFO - [2025-04-16T04:06:11.976+0000] {dagbag.py:588} INFO - Filling up the DagBag from /opt/airflow/dags/custom_dag.py
[2025-04-16T04:06:12.608+0000] {processor.py:925} INFO - DAG(s) 'approval_rejection_dag' retrieved from /opt/airflow/dags/custom_dag.py
[2025-04-16T04:06:12.640+0000] {logging_mixin.py:190} INFO - [2025-04-16T04:06:12.639+0000] {dag.py:3239} INFO - Sync 1 DAGs
[2025-04-16T04:06:12.664+0000] {logging_mixin.py:190} INFO - [2025-04-16T04:06:12.663+0000] {dag.py:4180} INFO - Setting next_dagrun for approval_rejection_dag to None, run_after=None
[2025-04-16T04:06:12.685+0000] {processor.py:208} INFO - Processing /opt/airflow/dags/custom_dag.py took 0.735 seconds
[2025-04-16T04:06:43.023+0000] {processor.py:186} INFO - Started process (PID=321) to work on /opt/airflow/dags/custom_dag.py
[2025-04-16T04:06:43.033+0000] {processor.py:914} INFO - Processing file /opt/airflow/dags/custom_dag.py for tasks to queue
[2025-04-16T04:06:43.038+0000] {logging_mixin.py:190} INFO - [2025-04-16T04:06:43.037+0000] {dagbag.py:588} INFO - Filling up the DagBag from /opt/airflow/dags/custom_dag.py
[2025-04-16T04:06:43.681+0000] {processor.py:925} INFO - DAG(s) 'approval_rejection_dag' retrieved from /opt/airflow/dags/custom_dag.py
[2025-04-16T04:06:43.807+0000] {logging_mixin.py:190} INFO - [2025-04-16T04:06:43.807+0000] {dag.py:3239} INFO - Sync 1 DAGs
[2025-04-16T04:06:43.835+0000] {logging_mixin.py:190} INFO - [2025-04-16T04:06:43.835+0000] {dag.py:4180} INFO - Setting next_dagrun for approval_rejection_dag to None, run_after=None
[2025-04-16T04:06:43.862+0000] {processor.py:208} INFO - Processing /opt/airflow/dags/custom_dag.py took 0.849 seconds
[2025-04-16T04:07:14.222+0000] {processor.py:186} INFO - Started process (PID=333) to work on /opt/airflow/dags/custom_dag.py
[2025-04-16T04:07:14.231+0000] {processor.py:914} INFO - Processing file /opt/airflow/dags/custom_dag.py for tasks to queue
[2025-04-16T04:07:14.234+0000] {logging_mixin.py:190} INFO - [2025-04-16T04:07:14.233+0000] {dagbag.py:588} INFO - Filling up the DagBag from /opt/airflow/dags/custom_dag.py
[2025-04-16T04:07:14.841+0000] {processor.py:925} INFO - DAG(s) 'approval_rejection_dag' retrieved from /opt/airflow/dags/custom_dag.py
[2025-04-16T04:07:14.867+0000] {logging_mixin.py:190} INFO - [2025-04-16T04:07:14.866+0000] {dag.py:3239} INFO - Sync 1 DAGs
[2025-04-16T04:07:14.886+0000] {logging_mixin.py:190} INFO - [2025-04-16T04:07:14.886+0000] {dag.py:4180} INFO - Setting next_dagrun for approval_rejection_dag to None, run_after=None
[2025-04-16T04:07:14.920+0000] {processor.py:208} INFO - Processing /opt/airflow/dags/custom_dag.py took 0.710 seconds
[2025-04-16T04:07:45.282+0000] {processor.py:186} INFO - Started process (PID=345) to work on /opt/airflow/dags/custom_dag.py
[2025-04-16T04:07:45.290+0000] {processor.py:914} INFO - Processing file /opt/airflow/dags/custom_dag.py for tasks to queue
[2025-04-16T04:07:45.293+0000] {logging_mixin.py:190} INFO - [2025-04-16T04:07:45.293+0000] {dagbag.py:588} INFO - Filling up the DagBag from /opt/airflow/dags/custom_dag.py
[2025-04-16T04:07:46.004+0000] {processor.py:925} INFO - DAG(s) 'approval_rejection_dag' retrieved from /opt/airflow/dags/custom_dag.py
[2025-04-16T04:07:46.207+0000] {logging_mixin.py:190} INFO - [2025-04-16T04:07:46.206+0000] {dag.py:3239} INFO - Sync 1 DAGs
[2025-04-16T04:07:46.227+0000] {logging_mixin.py:190} INFO - [2025-04-16T04:07:46.227+0000] {dag.py:4180} INFO - Setting next_dagrun for approval_rejection_dag to None, run_after=None
[2025-04-16T04:07:46.256+0000] {processor.py:208} INFO - Processing /opt/airflow/dags/custom_dag.py took 0.984 seconds
[2025-04-16T04:08:16.563+0000] {processor.py:186} INFO - Started process (PID=357) to work on /opt/airflow/dags/custom_dag.py
[2025-04-16T04:08:16.571+0000] {processor.py:914} INFO - Processing file /opt/airflow/dags/custom_dag.py for tasks to queue
[2025-04-16T04:08:16.574+0000] {logging_mixin.py:190} INFO - [2025-04-16T04:08:16.574+0000] {dagbag.py:588} INFO - Filling up the DagBag from /opt/airflow/dags/custom_dag.py
[2025-04-16T04:08:17.247+0000] {processor.py:925} INFO - DAG(s) 'approval_rejection_dag' retrieved from /opt/airflow/dags/custom_dag.py
[2025-04-16T04:08:17.277+0000] {logging_mixin.py:190} INFO - [2025-04-16T04:08:17.276+0000] {dag.py:3239} INFO - Sync 1 DAGs
[2025-04-16T04:08:17.292+0000] {logging_mixin.py:190} INFO - [2025-04-16T04:08:17.292+0000] {dag.py:4180} INFO - Setting next_dagrun for approval_rejection_dag to None, run_after=None
[2025-04-16T04:08:17.329+0000] {processor.py:208} INFO - Processing /opt/airflow/dags/custom_dag.py took 0.775 seconds
[2025-04-16T04:08:47.751+0000] {processor.py:186} INFO - Started process (PID=369) to work on /opt/airflow/dags/custom_dag.py
[2025-04-16T04:08:47.752+0000] {processor.py:914} INFO - Processing file /opt/airflow/dags/custom_dag.py for tasks to queue
[2025-04-16T04:08:47.755+0000] {logging_mixin.py:190} INFO - [2025-04-16T04:08:47.754+0000] {dagbag.py:588} INFO - Filling up the DagBag from /opt/airflow/dags/custom_dag.py
[2025-04-16T04:08:48.542+0000] {processor.py:925} INFO - DAG(s) 'approval_rejection_dag' retrieved from /opt/airflow/dags/custom_dag.py
[2025-04-16T04:08:48.730+0000] {logging_mixin.py:190} INFO - [2025-04-16T04:08:48.729+0000] {dag.py:3239} INFO - Sync 1 DAGs
[2025-04-16T04:08:48.749+0000] {logging_mixin.py:190} INFO - [2025-04-16T04:08:48.749+0000] {dag.py:4180} INFO - Setting next_dagrun for approval_rejection_dag to None, run_after=None
[2025-04-16T04:08:48.773+0000] {processor.py:208} INFO - Processing /opt/airflow/dags/custom_dag.py took 1.033 seconds
[2025-04-16T04:09:19.107+0000] {processor.py:186} INFO - Started process (PID=382) to work on /opt/airflow/dags/custom_dag.py
[2025-04-16T04:09:19.108+0000] {processor.py:914} INFO - Processing file /opt/airflow/dags/custom_dag.py for tasks to queue
[2025-04-16T04:09:19.111+0000] {logging_mixin.py:190} INFO - [2025-04-16T04:09:19.111+0000] {dagbag.py:588} INFO - Filling up the DagBag from /opt/airflow/dags/custom_dag.py
[2025-04-16T04:09:19.964+0000] {processor.py:925} INFO - DAG(s) 'approval_rejection_dag' retrieved from /opt/airflow/dags/custom_dag.py
[2025-04-16T04:09:20.011+0000] {logging_mixin.py:190} INFO - [2025-04-16T04:09:20.010+0000] {dag.py:3239} INFO - Sync 1 DAGs
[2025-04-16T04:09:20.035+0000] {logging_mixin.py:190} INFO - [2025-04-16T04:09:20.035+0000] {dag.py:4180} INFO - Setting next_dagrun for approval_rejection_dag to None, run_after=None
[2025-04-16T04:09:20.068+0000] {processor.py:208} INFO - Processing /opt/airflow/dags/custom_dag.py took 0.974 seconds
[2025-04-16T04:09:50.173+0000] {processor.py:186} INFO - Started process (PID=393) to work on /opt/airflow/dags/custom_dag.py
[2025-04-16T04:09:50.174+0000] {processor.py:914} INFO - Processing file /opt/airflow/dags/custom_dag.py for tasks to queue
[2025-04-16T04:09:50.178+0000] {logging_mixin.py:190} INFO - [2025-04-16T04:09:50.177+0000] {dagbag.py:588} INFO - Filling up the DagBag from /opt/airflow/dags/custom_dag.py
[2025-04-16T04:09:50.843+0000] {processor.py:925} INFO - DAG(s) 'approval_rejection_dag' retrieved from /opt/airflow/dags/custom_dag.py
[2025-04-16T04:09:51.014+0000] {logging_mixin.py:190} INFO - [2025-04-16T04:09:51.013+0000] {dag.py:3239} INFO - Sync 1 DAGs
[2025-04-16T04:09:51.036+0000] {logging_mixin.py:190} INFO - [2025-04-16T04:09:51.036+0000] {dag.py:4180} INFO - Setting next_dagrun for approval_rejection_dag to None, run_after=None
[2025-04-16T04:09:51.066+0000] {processor.py:208} INFO - Processing /opt/airflow/dags/custom_dag.py took 0.901 seconds
[2025-04-16T04:10:21.609+0000] {processor.py:186} INFO - Started process (PID=405) to work on /opt/airflow/dags/custom_dag.py
[2025-04-16T04:10:21.619+0000] {processor.py:914} INFO - Processing file /opt/airflow/dags/custom_dag.py for tasks to queue
[2025-04-16T04:10:21.624+0000] {logging_mixin.py:190} INFO - [2025-04-16T04:10:21.623+0000] {dagbag.py:588} INFO - Filling up the DagBag from /opt/airflow/dags/custom_dag.py
[2025-04-16T04:10:22.482+0000] {processor.py:925} INFO - DAG(s) 'approval_rejection_dag' retrieved from /opt/airflow/dags/custom_dag.py
[2025-04-16T04:10:22.520+0000] {logging_mixin.py:190} INFO - [2025-04-16T04:10:22.519+0000] {dag.py:3239} INFO - Sync 1 DAGs
[2025-04-16T04:10:22.545+0000] {logging_mixin.py:190} INFO - [2025-04-16T04:10:22.545+0000] {dag.py:4180} INFO - Setting next_dagrun for approval_rejection_dag to None, run_after=None
[2025-04-16T04:10:22.584+0000] {processor.py:208} INFO - Processing /opt/airflow/dags/custom_dag.py took 0.987 seconds
[2025-04-16T04:10:52.742+0000] {processor.py:186} INFO - Started process (PID=417) to work on /opt/airflow/dags/custom_dag.py
[2025-04-16T04:10:52.752+0000] {processor.py:914} INFO - Processing file /opt/airflow/dags/custom_dag.py for tasks to queue
[2025-04-16T04:10:52.759+0000] {logging_mixin.py:190} INFO - [2025-04-16T04:10:52.757+0000] {dagbag.py:588} INFO - Filling up the DagBag from /opt/airflow/dags/custom_dag.py
[2025-04-16T04:10:53.555+0000] {processor.py:925} INFO - DAG(s) 'approval_rejection_dag' retrieved from /opt/airflow/dags/custom_dag.py
[2025-04-16T04:10:53.678+0000] {logging_mixin.py:190} INFO - [2025-04-16T04:10:53.678+0000] {dag.py:3239} INFO - Sync 1 DAGs
[2025-04-16T04:10:53.691+0000] {logging_mixin.py:190} INFO - [2025-04-16T04:10:53.691+0000] {dag.py:4180} INFO - Setting next_dagrun for approval_rejection_dag to None, run_after=None
[2025-04-16T04:10:53.719+0000] {processor.py:208} INFO - Processing /opt/airflow/dags/custom_dag.py took 0.996 seconds
[2025-04-16T04:11:24.129+0000] {processor.py:186} INFO - Started process (PID=430) to work on /opt/airflow/dags/custom_dag.py
[2025-04-16T04:11:24.138+0000] {processor.py:914} INFO - Processing file /opt/airflow/dags/custom_dag.py for tasks to queue
[2025-04-16T04:11:24.141+0000] {logging_mixin.py:190} INFO - [2025-04-16T04:11:24.141+0000] {dagbag.py:588} INFO - Filling up the DagBag from /opt/airflow/dags/custom_dag.py
[2025-04-16T04:11:24.753+0000] {processor.py:925} INFO - DAG(s) 'approval_rejection_dag' retrieved from /opt/airflow/dags/custom_dag.py
[2025-04-16T04:11:24.775+0000] {logging_mixin.py:190} INFO - [2025-04-16T04:11:24.775+0000] {dag.py:3239} INFO - Sync 1 DAGs
[2025-04-16T04:11:24.796+0000] {logging_mixin.py:190} INFO - [2025-04-16T04:11:24.796+0000] {dag.py:4180} INFO - Setting next_dagrun for approval_rejection_dag to None, run_after=None
[2025-04-16T04:11:24.827+0000] {processor.py:208} INFO - Processing /opt/airflow/dags/custom_dag.py took 0.710 seconds
