[2025-04-10T15:15:19.450+0000] {local_task_job_runner.py:123} INFO - ::group::Pre task execution logs
[2025-04-10T15:15:19.475+0000] {taskinstance.py:2614} INFO - Dependencies all met for dep_context=non-requeueable deps ti=<TaskInstance: data_approval_dag.preview manual__2025-04-10T15:15:13.669897+00:00 [queued]>
[2025-04-10T15:15:19.488+0000] {taskinstance.py:2614} INFO - Dependencies all met for dep_context=requeueable deps ti=<TaskInstance: data_approval_dag.preview manual__2025-04-10T15:15:13.669897+00:00 [queued]>
[2025-04-10T15:15:19.488+0000] {taskinstance.py:2867} INFO - Starting attempt 1 of 1
[2025-04-10T15:15:19.504+0000] {taskinstance.py:2890} INFO - Executing <Task(PythonOperator): preview> on 2025-04-10 15:15:13.669897+00:00
[2025-04-10T15:15:19.516+0000] {warnings.py:112} WARNING - /home/***/.local/lib/python3.12/site-packages/***/task/task_runner/standard_task_runner.py:70: DeprecationWarning: This process (pid=1157) is multi-threaded, use of fork() may lead to deadlocks in the child.
  pid = os.fork()

[2025-04-10T15:15:19.518+0000] {standard_task_runner.py:72} INFO - Started process 1159 to run task
[2025-04-10T15:15:19.519+0000] {standard_task_runner.py:104} INFO - Running: ['***', 'tasks', 'run', 'data_approval_dag', 'preview', 'manual__2025-04-10T15:15:13.669897+00:00', '--job-id', '14', '--raw', '--subdir', 'DAGS_FOLDER/data_approval_dag.py', '--cfg-path', '/tmp/tmps_kaxngk']
[2025-04-10T15:15:19.522+0000] {standard_task_runner.py:105} INFO - Job 14: Subtask preview
[2025-04-10T15:15:19.585+0000] {task_command.py:467} INFO - Running <TaskInstance: data_approval_dag.preview manual__2025-04-10T15:15:13.669897+00:00 [running]> on host 64d066c4d41c
[2025-04-10T15:15:19.668+0000] {taskinstance.py:3134} INFO - Exporting env vars: AIRFLOW_CTX_DAG_OWNER='***' AIRFLOW_CTX_DAG_ID='data_approval_dag' AIRFLOW_CTX_TASK_ID='preview' AIRFLOW_CTX_EXECUTION_DATE='2025-04-10T15:15:13.669897+00:00' AIRFLOW_CTX_TRY_NUMBER='1' AIRFLOW_CTX_DAG_RUN_ID='manual__2025-04-10T15:15:13.669897+00:00'
[2025-04-10T15:15:19.669+0000] {taskinstance.py:732} INFO - ::endgroup::
[2025-04-10T15:15:19.684+0000] {logging_mixin.py:190} INFO - preview
[2025-04-10T15:15:19.684+0000] {python.py:240} INFO - Done. Returned value was: None
[2025-04-10T15:15:19.696+0000] {taskinstance.py:341} INFO - ::group::Post task execution logs
[2025-04-10T15:15:19.696+0000] {taskinstance.py:353} INFO - Marking task as SUCCESS. dag_id=data_approval_dag, task_id=preview, run_id=manual__2025-04-10T15:15:13.669897+00:00, execution_date=20250410T151513, start_date=20250410T151519, end_date=20250410T151519
[2025-04-10T15:15:19.776+0000] {local_task_job_runner.py:266} INFO - Task exited with return code 0
[2025-04-10T15:15:19.793+0000] {taskinstance.py:3901} INFO - 0 downstream tasks scheduled from follow-on schedule check
[2025-04-10T15:15:19.796+0000] {local_task_job_runner.py:245} INFO - ::endgroup::
