[2025-04-10T19:46:33.343+0000] {processor.py:186} INFO - Started process (PID=82) to work on /opt/airflow/dags/newdags.py
[2025-04-10T19:46:33.343+0000] {processor.py:914} INFO - Processing file /opt/airflow/dags/newdags.py for tasks to queue
[2025-04-10T19:46:33.347+0000] {logging_mixin.py:190} INFO - [2025-04-10T19:46:33.346+0000] {dagbag.py:588} INFO - Filling up the DagBag from /opt/airflow/dags/newdags.py
[2025-04-10T19:46:33.372+0000] {processor.py:925} INFO - DAG(s) 'approval_workflow_with_interaction' retrieved from /opt/airflow/dags/newdags.py
[2025-04-10T19:46:33.660+0000] {logging_mixin.py:190} INFO - [2025-04-10T19:46:33.659+0000] {override.py:1912} INFO - Created Permission View: can edit on DAG:approval_workflow_with_interaction
[2025-04-10T19:46:33.680+0000] {logging_mixin.py:190} INFO - [2025-04-10T19:46:33.679+0000] {override.py:1912} INFO - Created Permission View: can read on DAG:approval_workflow_with_interaction
[2025-04-10T19:46:33.694+0000] {logging_mixin.py:190} INFO - [2025-04-10T19:46:33.693+0000] {override.py:1912} INFO - Created Permission View: can delete on DAG:approval_workflow_with_interaction
[2025-04-10T19:46:33.709+0000] {logging_mixin.py:190} INFO - [2025-04-10T19:46:33.708+0000] {override.py:1912} INFO - Created Permission View: menu access on DAG Run:approval_workflow_with_interaction
[2025-04-10T19:46:33.718+0000] {logging_mixin.py:190} INFO - [2025-04-10T19:46:33.718+0000] {override.py:1912} INFO - Created Permission View: can create on DAG Run:approval_workflow_with_interaction
[2025-04-10T19:46:33.736+0000] {logging_mixin.py:190} INFO - [2025-04-10T19:46:33.735+0000] {override.py:1912} INFO - Created Permission View: can read on DAG Run:approval_workflow_with_interaction
[2025-04-10T19:46:33.763+0000] {logging_mixin.py:190} INFO - [2025-04-10T19:46:33.762+0000] {override.py:1912} INFO - Created Permission View: can delete on DAG Run:approval_workflow_with_interaction
[2025-04-10T19:46:33.763+0000] {logging_mixin.py:190} INFO - [2025-04-10T19:46:33.763+0000] {dag.py:3239} INFO - Sync 1 DAGs
[2025-04-10T19:46:33.805+0000] {logging_mixin.py:190} INFO - [2025-04-10T19:46:33.805+0000] {dag.py:3262} INFO - Creating ORM DAG for approval_workflow_with_interaction
[2025-04-10T19:46:33.812+0000] {logging_mixin.py:190} INFO - [2025-04-10T19:46:33.812+0000] {dag.py:4180} INFO - Setting next_dagrun for approval_workflow_with_interaction to None, run_after=None
[2025-04-10T19:46:33.855+0000] {processor.py:208} INFO - Processing /opt/airflow/dags/newdags.py took 0.521 seconds
[2025-04-10T19:47:04.133+0000] {processor.py:186} INFO - Started process (PID=89) to work on /opt/airflow/dags/newdags.py
[2025-04-10T19:47:04.142+0000] {processor.py:914} INFO - Processing file /opt/airflow/dags/newdags.py for tasks to queue
[2025-04-10T19:47:04.145+0000] {logging_mixin.py:190} INFO - [2025-04-10T19:47:04.145+0000] {dagbag.py:588} INFO - Filling up the DagBag from /opt/airflow/dags/newdags.py
[2025-04-10T19:47:04.156+0000] {processor.py:925} INFO - DAG(s) 'approval_workflow_with_interaction' retrieved from /opt/airflow/dags/newdags.py
[2025-04-10T19:47:04.181+0000] {logging_mixin.py:190} INFO - [2025-04-10T19:47:04.181+0000] {dag.py:3239} INFO - Sync 1 DAGs
[2025-04-10T19:47:04.194+0000] {logging_mixin.py:190} INFO - [2025-04-10T19:47:04.194+0000] {dag.py:4180} INFO - Setting next_dagrun for approval_workflow_with_interaction to None, run_after=None
[2025-04-10T19:47:04.210+0000] {processor.py:208} INFO - Processing /opt/airflow/dags/newdags.py took 0.091 seconds
[2025-04-10T19:47:34.429+0000] {processor.py:186} INFO - Started process (PID=96) to work on /opt/airflow/dags/newdags.py
[2025-04-10T19:47:34.438+0000] {processor.py:914} INFO - Processing file /opt/airflow/dags/newdags.py for tasks to queue
[2025-04-10T19:47:34.442+0000] {logging_mixin.py:190} INFO - [2025-04-10T19:47:34.441+0000] {dagbag.py:588} INFO - Filling up the DagBag from /opt/airflow/dags/newdags.py
[2025-04-10T19:47:34.456+0000] {processor.py:925} INFO - DAG(s) 'approval_workflow_with_interaction' retrieved from /opt/airflow/dags/newdags.py
[2025-04-10T19:47:34.487+0000] {logging_mixin.py:190} INFO - [2025-04-10T19:47:34.486+0000] {dag.py:3239} INFO - Sync 1 DAGs
[2025-04-10T19:47:34.501+0000] {logging_mixin.py:190} INFO - [2025-04-10T19:47:34.501+0000] {dag.py:4180} INFO - Setting next_dagrun for approval_workflow_with_interaction to None, run_after=None
[2025-04-10T19:47:34.518+0000] {processor.py:208} INFO - Processing /opt/airflow/dags/newdags.py took 0.099 seconds
[2025-04-10T19:48:04.775+0000] {processor.py:186} INFO - Started process (PID=103) to work on /opt/airflow/dags/newdags.py
[2025-04-10T19:48:04.775+0000] {processor.py:914} INFO - Processing file /opt/airflow/dags/newdags.py for tasks to queue
[2025-04-10T19:48:04.778+0000] {logging_mixin.py:190} INFO - [2025-04-10T19:48:04.778+0000] {dagbag.py:588} INFO - Filling up the DagBag from /opt/airflow/dags/newdags.py
[2025-04-10T19:48:04.791+0000] {processor.py:925} INFO - DAG(s) 'approval_workflow_with_interaction' retrieved from /opt/airflow/dags/newdags.py
[2025-04-10T19:48:04.818+0000] {logging_mixin.py:190} INFO - [2025-04-10T19:48:04.818+0000] {dag.py:3239} INFO - Sync 1 DAGs
[2025-04-10T19:48:04.835+0000] {logging_mixin.py:190} INFO - [2025-04-10T19:48:04.835+0000] {dag.py:4180} INFO - Setting next_dagrun for approval_workflow_with_interaction to None, run_after=None
[2025-04-10T19:48:04.867+0000] {processor.py:208} INFO - Processing /opt/airflow/dags/newdags.py took 0.105 seconds
[2025-04-10T19:48:35.076+0000] {processor.py:186} INFO - Started process (PID=110) to work on /opt/airflow/dags/newdags.py
[2025-04-10T19:48:35.077+0000] {processor.py:914} INFO - Processing file /opt/airflow/dags/newdags.py for tasks to queue
[2025-04-10T19:48:35.080+0000] {logging_mixin.py:190} INFO - [2025-04-10T19:48:35.080+0000] {dagbag.py:588} INFO - Filling up the DagBag from /opt/airflow/dags/newdags.py
[2025-04-10T19:48:35.097+0000] {processor.py:925} INFO - DAG(s) 'approval_workflow_with_interaction' retrieved from /opt/airflow/dags/newdags.py
[2025-04-10T19:48:35.142+0000] {logging_mixin.py:190} INFO - [2025-04-10T19:48:35.142+0000] {dag.py:3239} INFO - Sync 1 DAGs
[2025-04-10T19:48:35.161+0000] {logging_mixin.py:190} INFO - [2025-04-10T19:48:35.161+0000] {dag.py:4180} INFO - Setting next_dagrun for approval_workflow_with_interaction to None, run_after=None
[2025-04-10T19:48:35.183+0000] {processor.py:208} INFO - Processing /opt/airflow/dags/newdags.py took 0.119 seconds
[2025-04-10T19:49:05.393+0000] {processor.py:186} INFO - Started process (PID=117) to work on /opt/airflow/dags/newdags.py
[2025-04-10T19:49:05.394+0000] {processor.py:914} INFO - Processing file /opt/airflow/dags/newdags.py for tasks to queue
[2025-04-10T19:49:05.396+0000] {logging_mixin.py:190} INFO - [2025-04-10T19:49:05.396+0000] {dagbag.py:588} INFO - Filling up the DagBag from /opt/airflow/dags/newdags.py
[2025-04-10T19:49:05.408+0000] {processor.py:925} INFO - DAG(s) 'approval_workflow_with_interaction' retrieved from /opt/airflow/dags/newdags.py
[2025-04-10T19:49:05.444+0000] {logging_mixin.py:190} INFO - [2025-04-10T19:49:05.444+0000] {dag.py:3239} INFO - Sync 1 DAGs
[2025-04-10T19:49:05.473+0000] {logging_mixin.py:190} INFO - [2025-04-10T19:49:05.473+0000] {dag.py:4180} INFO - Setting next_dagrun for approval_workflow_with_interaction to None, run_after=None
[2025-04-10T19:49:05.521+0000] {processor.py:208} INFO - Processing /opt/airflow/dags/newdags.py took 0.137 seconds
[2025-04-10T19:49:35.750+0000] {processor.py:186} INFO - Started process (PID=124) to work on /opt/airflow/dags/newdags.py
[2025-04-10T19:49:35.751+0000] {processor.py:914} INFO - Processing file /opt/airflow/dags/newdags.py for tasks to queue
[2025-04-10T19:49:35.754+0000] {logging_mixin.py:190} INFO - [2025-04-10T19:49:35.754+0000] {dagbag.py:588} INFO - Filling up the DagBag from /opt/airflow/dags/newdags.py
[2025-04-10T19:49:35.768+0000] {processor.py:925} INFO - DAG(s) 'approval_workflow_with_interaction' retrieved from /opt/airflow/dags/newdags.py
[2025-04-10T19:49:35.823+0000] {logging_mixin.py:190} INFO - [2025-04-10T19:49:35.823+0000] {dag.py:3239} INFO - Sync 1 DAGs
[2025-04-10T19:49:35.854+0000] {logging_mixin.py:190} INFO - [2025-04-10T19:49:35.854+0000] {dag.py:4180} INFO - Setting next_dagrun for approval_workflow_with_interaction to None, run_after=None
[2025-04-10T19:49:35.889+0000] {processor.py:208} INFO - Processing /opt/airflow/dags/newdags.py took 0.149 seconds
[2025-04-10T19:50:06.091+0000] {processor.py:186} INFO - Started process (PID=131) to work on /opt/airflow/dags/newdags.py
[2025-04-10T19:50:06.093+0000] {processor.py:914} INFO - Processing file /opt/airflow/dags/newdags.py for tasks to queue
[2025-04-10T19:50:06.096+0000] {logging_mixin.py:190} INFO - [2025-04-10T19:50:06.096+0000] {dagbag.py:588} INFO - Filling up the DagBag from /opt/airflow/dags/newdags.py
[2025-04-10T19:50:06.105+0000] {processor.py:925} INFO - DAG(s) 'approval_workflow_with_interaction' retrieved from /opt/airflow/dags/newdags.py
[2025-04-10T19:50:06.151+0000] {logging_mixin.py:190} INFO - [2025-04-10T19:50:06.150+0000] {dag.py:3239} INFO - Sync 1 DAGs
[2025-04-10T19:50:06.170+0000] {logging_mixin.py:190} INFO - [2025-04-10T19:50:06.170+0000] {dag.py:4180} INFO - Setting next_dagrun for approval_workflow_with_interaction to None, run_after=None
[2025-04-10T19:50:06.193+0000] {processor.py:208} INFO - Processing /opt/airflow/dags/newdags.py took 0.109 seconds
[2025-04-10T19:50:36.443+0000] {processor.py:186} INFO - Started process (PID=138) to work on /opt/airflow/dags/newdags.py
[2025-04-10T19:50:36.451+0000] {processor.py:914} INFO - Processing file /opt/airflow/dags/newdags.py for tasks to queue
[2025-04-10T19:50:36.454+0000] {logging_mixin.py:190} INFO - [2025-04-10T19:50:36.453+0000] {dagbag.py:588} INFO - Filling up the DagBag from /opt/airflow/dags/newdags.py
[2025-04-10T19:50:36.466+0000] {processor.py:925} INFO - DAG(s) 'approval_workflow_with_interaction' retrieved from /opt/airflow/dags/newdags.py
[2025-04-10T19:50:36.496+0000] {logging_mixin.py:190} INFO - [2025-04-10T19:50:36.495+0000] {dag.py:3239} INFO - Sync 1 DAGs
[2025-04-10T19:50:36.513+0000] {logging_mixin.py:190} INFO - [2025-04-10T19:50:36.512+0000] {dag.py:4180} INFO - Setting next_dagrun for approval_workflow_with_interaction to None, run_after=None
[2025-04-10T19:50:36.533+0000] {processor.py:208} INFO - Processing /opt/airflow/dags/newdags.py took 0.100 seconds
[2025-04-10T19:50:51.559+0000] {processor.py:186} INFO - Started process (PID=146) to work on /opt/airflow/dags/newdags.py
[2025-04-10T19:50:51.560+0000] {processor.py:914} INFO - Processing file /opt/airflow/dags/newdags.py for tasks to queue
[2025-04-10T19:50:51.562+0000] {logging_mixin.py:190} INFO - [2025-04-10T19:50:51.562+0000] {dagbag.py:588} INFO - Filling up the DagBag from /opt/airflow/dags/newdags.py
[2025-04-10T19:50:51.572+0000] {processor.py:925} INFO - DAG(s) 'approval_workflow_with_user_input' retrieved from /opt/airflow/dags/newdags.py
[2025-04-10T19:50:51.696+0000] {logging_mixin.py:190} INFO - [2025-04-10T19:50:51.695+0000] {override.py:1912} INFO - Created Permission View: can edit on DAG:approval_workflow_with_user_input
[2025-04-10T19:50:51.711+0000] {logging_mixin.py:190} INFO - [2025-04-10T19:50:51.711+0000] {override.py:1912} INFO - Created Permission View: can read on DAG:approval_workflow_with_user_input
[2025-04-10T19:50:51.717+0000] {logging_mixin.py:190} INFO - [2025-04-10T19:50:51.717+0000] {override.py:1912} INFO - Created Permission View: can delete on DAG:approval_workflow_with_user_input
[2025-04-10T19:50:51.726+0000] {logging_mixin.py:190} INFO - [2025-04-10T19:50:51.726+0000] {override.py:1912} INFO - Created Permission View: menu access on DAG Run:approval_workflow_with_user_input
[2025-04-10T19:50:51.732+0000] {logging_mixin.py:190} INFO - [2025-04-10T19:50:51.732+0000] {override.py:1912} INFO - Created Permission View: can create on DAG Run:approval_workflow_with_user_input
[2025-04-10T19:50:51.739+0000] {logging_mixin.py:190} INFO - [2025-04-10T19:50:51.739+0000] {override.py:1912} INFO - Created Permission View: can read on DAG Run:approval_workflow_with_user_input
[2025-04-10T19:50:51.748+0000] {logging_mixin.py:190} INFO - [2025-04-10T19:50:51.748+0000] {override.py:1912} INFO - Created Permission View: can delete on DAG Run:approval_workflow_with_user_input
[2025-04-10T19:50:51.748+0000] {logging_mixin.py:190} INFO - [2025-04-10T19:50:51.748+0000] {dag.py:3239} INFO - Sync 1 DAGs
[2025-04-10T19:50:51.766+0000] {logging_mixin.py:190} INFO - [2025-04-10T19:50:51.765+0000] {dag.py:3262} INFO - Creating ORM DAG for approval_workflow_with_user_input
[2025-04-10T19:50:51.767+0000] {logging_mixin.py:190} INFO - [2025-04-10T19:50:51.767+0000] {dag.py:4180} INFO - Setting next_dagrun for approval_workflow_with_user_input to None, run_after=None
[2025-04-10T19:50:51.795+0000] {processor.py:208} INFO - Processing /opt/airflow/dags/newdags.py took 0.242 seconds
[2025-04-10T19:51:21.970+0000] {processor.py:186} INFO - Started process (PID=152) to work on /opt/airflow/dags/newdags.py
[2025-04-10T19:51:21.979+0000] {processor.py:914} INFO - Processing file /opt/airflow/dags/newdags.py for tasks to queue
[2025-04-10T19:51:21.982+0000] {logging_mixin.py:190} INFO - [2025-04-10T19:51:21.981+0000] {dagbag.py:588} INFO - Filling up the DagBag from /opt/airflow/dags/newdags.py
[2025-04-10T19:51:21.992+0000] {processor.py:925} INFO - DAG(s) 'approval_workflow_with_user_input' retrieved from /opt/airflow/dags/newdags.py
[2025-04-10T19:51:22.024+0000] {logging_mixin.py:190} INFO - [2025-04-10T19:51:22.023+0000] {dag.py:3239} INFO - Sync 1 DAGs
[2025-04-10T19:51:22.041+0000] {logging_mixin.py:190} INFO - [2025-04-10T19:51:22.040+0000] {dag.py:4180} INFO - Setting next_dagrun for approval_workflow_with_user_input to None, run_after=None
[2025-04-10T19:51:22.062+0000] {processor.py:208} INFO - Processing /opt/airflow/dags/newdags.py took 0.101 seconds
[2025-04-10T19:51:52.436+0000] {processor.py:186} INFO - Started process (PID=159) to work on /opt/airflow/dags/newdags.py
[2025-04-10T19:51:52.445+0000] {processor.py:914} INFO - Processing file /opt/airflow/dags/newdags.py for tasks to queue
[2025-04-10T19:51:52.448+0000] {logging_mixin.py:190} INFO - [2025-04-10T19:51:52.448+0000] {dagbag.py:588} INFO - Filling up the DagBag from /opt/airflow/dags/newdags.py
[2025-04-10T19:51:52.457+0000] {processor.py:925} INFO - DAG(s) 'approval_workflow_with_user_input' retrieved from /opt/airflow/dags/newdags.py
[2025-04-10T19:51:52.485+0000] {logging_mixin.py:190} INFO - [2025-04-10T19:51:52.485+0000] {dag.py:3239} INFO - Sync 1 DAGs
[2025-04-10T19:51:52.500+0000] {logging_mixin.py:190} INFO - [2025-04-10T19:51:52.500+0000] {dag.py:4180} INFO - Setting next_dagrun for approval_workflow_with_user_input to None, run_after=None
[2025-04-10T19:51:52.520+0000] {processor.py:208} INFO - Processing /opt/airflow/dags/newdags.py took 0.095 seconds
[2025-04-10T19:52:22.742+0000] {processor.py:186} INFO - Started process (PID=166) to work on /opt/airflow/dags/newdags.py
[2025-04-10T19:52:22.751+0000] {processor.py:914} INFO - Processing file /opt/airflow/dags/newdags.py for tasks to queue
[2025-04-10T19:52:22.753+0000] {logging_mixin.py:190} INFO - [2025-04-10T19:52:22.753+0000] {dagbag.py:588} INFO - Filling up the DagBag from /opt/airflow/dags/newdags.py
[2025-04-10T19:52:22.766+0000] {processor.py:925} INFO - DAG(s) 'approval_workflow_with_user_input' retrieved from /opt/airflow/dags/newdags.py
[2025-04-10T19:52:22.801+0000] {logging_mixin.py:190} INFO - [2025-04-10T19:52:22.801+0000] {dag.py:3239} INFO - Sync 1 DAGs
[2025-04-10T19:52:22.825+0000] {logging_mixin.py:190} INFO - [2025-04-10T19:52:22.824+0000] {dag.py:4180} INFO - Setting next_dagrun for approval_workflow_with_user_input to None, run_after=None
[2025-04-10T19:52:22.852+0000] {processor.py:208} INFO - Processing /opt/airflow/dags/newdags.py took 0.120 seconds
[2025-04-10T19:52:53.128+0000] {processor.py:186} INFO - Started process (PID=173) to work on /opt/airflow/dags/newdags.py
[2025-04-10T19:52:53.138+0000] {processor.py:914} INFO - Processing file /opt/airflow/dags/newdags.py for tasks to queue
[2025-04-10T19:52:53.140+0000] {logging_mixin.py:190} INFO - [2025-04-10T19:52:53.140+0000] {dagbag.py:588} INFO - Filling up the DagBag from /opt/airflow/dags/newdags.py
[2025-04-10T19:52:53.150+0000] {processor.py:925} INFO - DAG(s) 'approval_workflow_with_user_input' retrieved from /opt/airflow/dags/newdags.py
[2025-04-10T19:52:53.198+0000] {logging_mixin.py:190} INFO - [2025-04-10T19:52:53.197+0000] {dag.py:3239} INFO - Sync 1 DAGs
[2025-04-10T19:52:53.230+0000] {logging_mixin.py:190} INFO - [2025-04-10T19:52:53.229+0000] {dag.py:4180} INFO - Setting next_dagrun for approval_workflow_with_user_input to None, run_after=None
[2025-04-10T19:52:53.269+0000] {processor.py:208} INFO - Processing /opt/airflow/dags/newdags.py took 0.152 seconds
[2025-04-10T19:53:23.453+0000] {processor.py:186} INFO - Started process (PID=180) to work on /opt/airflow/dags/newdags.py
[2025-04-10T19:53:23.462+0000] {processor.py:914} INFO - Processing file /opt/airflow/dags/newdags.py for tasks to queue
[2025-04-10T19:53:23.463+0000] {logging_mixin.py:190} INFO - [2025-04-10T19:53:23.463+0000] {dagbag.py:588} INFO - Filling up the DagBag from /opt/airflow/dags/newdags.py
[2025-04-10T19:53:23.474+0000] {processor.py:925} INFO - DAG(s) 'approval_workflow_with_user_input' retrieved from /opt/airflow/dags/newdags.py
[2025-04-10T19:53:23.512+0000] {logging_mixin.py:190} INFO - [2025-04-10T19:53:23.511+0000] {dag.py:3239} INFO - Sync 1 DAGs
[2025-04-10T19:53:23.533+0000] {logging_mixin.py:190} INFO - [2025-04-10T19:53:23.532+0000] {dag.py:4180} INFO - Setting next_dagrun for approval_workflow_with_user_input to None, run_after=None
[2025-04-10T19:53:23.559+0000] {processor.py:208} INFO - Processing /opt/airflow/dags/newdags.py took 0.117 seconds
[2025-04-10T19:53:53.840+0000] {processor.py:186} INFO - Started process (PID=187) to work on /opt/airflow/dags/newdags.py
[2025-04-10T19:53:53.842+0000] {processor.py:914} INFO - Processing file /opt/airflow/dags/newdags.py for tasks to queue
[2025-04-10T19:53:53.844+0000] {logging_mixin.py:190} INFO - [2025-04-10T19:53:53.843+0000] {dagbag.py:588} INFO - Filling up the DagBag from /opt/airflow/dags/newdags.py
[2025-04-10T19:53:53.859+0000] {processor.py:925} INFO - DAG(s) 'approval_workflow_with_user_input' retrieved from /opt/airflow/dags/newdags.py
[2025-04-10T19:53:53.898+0000] {logging_mixin.py:190} INFO - [2025-04-10T19:53:53.898+0000] {dag.py:3239} INFO - Sync 1 DAGs
[2025-04-10T19:53:53.920+0000] {logging_mixin.py:190} INFO - [2025-04-10T19:53:53.920+0000] {dag.py:4180} INFO - Setting next_dagrun for approval_workflow_with_user_input to None, run_after=None
[2025-04-10T19:53:53.953+0000] {processor.py:208} INFO - Processing /opt/airflow/dags/newdags.py took 0.129 seconds
[2025-04-10T19:54:24.145+0000] {processor.py:186} INFO - Started process (PID=194) to work on /opt/airflow/dags/newdags.py
[2025-04-10T19:54:24.152+0000] {processor.py:914} INFO - Processing file /opt/airflow/dags/newdags.py for tasks to queue
[2025-04-10T19:54:24.155+0000] {logging_mixin.py:190} INFO - [2025-04-10T19:54:24.154+0000] {dagbag.py:588} INFO - Filling up the DagBag from /opt/airflow/dags/newdags.py
[2025-04-10T19:54:24.174+0000] {processor.py:925} INFO - DAG(s) 'approval_workflow_with_user_input' retrieved from /opt/airflow/dags/newdags.py
[2025-04-10T19:54:24.235+0000] {logging_mixin.py:190} INFO - [2025-04-10T19:54:24.234+0000] {dag.py:3239} INFO - Sync 1 DAGs
[2025-04-10T19:54:24.270+0000] {logging_mixin.py:190} INFO - [2025-04-10T19:54:24.269+0000] {dag.py:4180} INFO - Setting next_dagrun for approval_workflow_with_user_input to None, run_after=None
[2025-04-10T19:54:24.321+0000] {processor.py:208} INFO - Processing /opt/airflow/dags/newdags.py took 0.187 seconds
[2025-04-10T19:54:54.463+0000] {processor.py:186} INFO - Started process (PID=201) to work on /opt/airflow/dags/newdags.py
[2025-04-10T19:54:54.465+0000] {processor.py:914} INFO - Processing file /opt/airflow/dags/newdags.py for tasks to queue
[2025-04-10T19:54:54.467+0000] {logging_mixin.py:190} INFO - [2025-04-10T19:54:54.466+0000] {dagbag.py:588} INFO - Filling up the DagBag from /opt/airflow/dags/newdags.py
[2025-04-10T19:54:54.479+0000] {processor.py:925} INFO - DAG(s) 'approval_workflow_with_user_input' retrieved from /opt/airflow/dags/newdags.py
[2025-04-10T19:54:54.511+0000] {logging_mixin.py:190} INFO - [2025-04-10T19:54:54.510+0000] {dag.py:3239} INFO - Sync 1 DAGs
[2025-04-10T19:54:54.528+0000] {logging_mixin.py:190} INFO - [2025-04-10T19:54:54.528+0000] {dag.py:4180} INFO - Setting next_dagrun for approval_workflow_with_user_input to None, run_after=None
[2025-04-10T19:54:54.548+0000] {processor.py:208} INFO - Processing /opt/airflow/dags/newdags.py took 0.104 seconds
[2025-04-10T19:55:24.731+0000] {processor.py:186} INFO - Started process (PID=208) to work on /opt/airflow/dags/newdags.py
[2025-04-10T19:55:24.741+0000] {processor.py:914} INFO - Processing file /opt/airflow/dags/newdags.py for tasks to queue
[2025-04-10T19:55:24.743+0000] {logging_mixin.py:190} INFO - [2025-04-10T19:55:24.742+0000] {dagbag.py:588} INFO - Filling up the DagBag from /opt/airflow/dags/newdags.py
[2025-04-10T19:55:24.760+0000] {processor.py:925} INFO - DAG(s) 'approval_workflow_with_user_input' retrieved from /opt/airflow/dags/newdags.py
[2025-04-10T19:55:24.806+0000] {logging_mixin.py:190} INFO - [2025-04-10T19:55:24.805+0000] {dag.py:3239} INFO - Sync 1 DAGs
[2025-04-10T19:55:24.838+0000] {logging_mixin.py:190} INFO - [2025-04-10T19:55:24.837+0000] {dag.py:4180} INFO - Setting next_dagrun for approval_workflow_with_user_input to None, run_after=None
[2025-04-10T19:55:24.884+0000] {processor.py:208} INFO - Processing /opt/airflow/dags/newdags.py took 0.163 seconds
[2025-04-10T19:55:55.067+0000] {processor.py:186} INFO - Started process (PID=216) to work on /opt/airflow/dags/newdags.py
[2025-04-10T19:55:55.067+0000] {processor.py:914} INFO - Processing file /opt/airflow/dags/newdags.py for tasks to queue
[2025-04-10T19:55:55.069+0000] {logging_mixin.py:190} INFO - [2025-04-10T19:55:55.068+0000] {dagbag.py:588} INFO - Filling up the DagBag from /opt/airflow/dags/newdags.py
[2025-04-10T19:55:55.078+0000] {processor.py:925} INFO - DAG(s) 'approval_workflow_with_user_input' retrieved from /opt/airflow/dags/newdags.py
[2025-04-10T19:55:55.113+0000] {logging_mixin.py:190} INFO - [2025-04-10T19:55:55.112+0000] {dag.py:3239} INFO - Sync 1 DAGs
[2025-04-10T19:55:55.131+0000] {logging_mixin.py:190} INFO - [2025-04-10T19:55:55.131+0000] {dag.py:4180} INFO - Setting next_dagrun for approval_workflow_with_user_input to None, run_after=None
[2025-04-10T19:55:55.153+0000] {processor.py:208} INFO - Processing /opt/airflow/dags/newdags.py took 0.095 seconds
[2025-04-10T19:56:25.478+0000] {processor.py:186} INFO - Started process (PID=223) to work on /opt/airflow/dags/newdags.py
[2025-04-10T19:56:25.487+0000] {processor.py:914} INFO - Processing file /opt/airflow/dags/newdags.py for tasks to queue
[2025-04-10T19:56:25.489+0000] {logging_mixin.py:190} INFO - [2025-04-10T19:56:25.488+0000] {dagbag.py:588} INFO - Filling up the DagBag from /opt/airflow/dags/newdags.py
[2025-04-10T19:56:25.501+0000] {processor.py:925} INFO - DAG(s) 'approval_workflow_with_user_input' retrieved from /opt/airflow/dags/newdags.py
[2025-04-10T19:56:25.534+0000] {logging_mixin.py:190} INFO - [2025-04-10T19:56:25.534+0000] {dag.py:3239} INFO - Sync 1 DAGs
[2025-04-10T19:56:25.552+0000] {logging_mixin.py:190} INFO - [2025-04-10T19:56:25.552+0000] {dag.py:4180} INFO - Setting next_dagrun for approval_workflow_with_user_input to None, run_after=None
[2025-04-10T19:56:25.574+0000] {processor.py:208} INFO - Processing /opt/airflow/dags/newdags.py took 0.111 seconds
[2025-04-10T19:56:56.119+0000] {processor.py:186} INFO - Started process (PID=231) to work on /opt/airflow/dags/newdags.py
[2025-04-10T19:56:56.120+0000] {processor.py:914} INFO - Processing file /opt/airflow/dags/newdags.py for tasks to queue
[2025-04-10T19:56:56.123+0000] {logging_mixin.py:190} INFO - [2025-04-10T19:56:56.122+0000] {dagbag.py:588} INFO - Filling up the DagBag from /opt/airflow/dags/newdags.py
[2025-04-10T19:56:56.134+0000] {processor.py:925} INFO - DAG(s) 'approval_workflow_with_user_input' retrieved from /opt/airflow/dags/newdags.py
[2025-04-10T19:56:56.183+0000] {logging_mixin.py:190} INFO - [2025-04-10T19:56:56.182+0000] {dag.py:3239} INFO - Sync 1 DAGs
[2025-04-10T19:56:56.213+0000] {logging_mixin.py:190} INFO - [2025-04-10T19:56:56.212+0000] {dag.py:4180} INFO - Setting next_dagrun for approval_workflow_with_user_input to None, run_after=None
[2025-04-10T19:56:56.256+0000] {processor.py:208} INFO - Processing /opt/airflow/dags/newdags.py took 0.148 seconds
[2025-04-10T19:57:26.569+0000] {processor.py:186} INFO - Started process (PID=239) to work on /opt/airflow/dags/newdags.py
[2025-04-10T19:57:26.579+0000] {processor.py:914} INFO - Processing file /opt/airflow/dags/newdags.py for tasks to queue
[2025-04-10T19:57:26.582+0000] {logging_mixin.py:190} INFO - [2025-04-10T19:57:26.582+0000] {dagbag.py:588} INFO - Filling up the DagBag from /opt/airflow/dags/newdags.py
[2025-04-10T19:57:26.606+0000] {processor.py:925} INFO - DAG(s) 'approval_workflow_with_user_input' retrieved from /opt/airflow/dags/newdags.py
[2025-04-10T19:57:26.673+0000] {logging_mixin.py:190} INFO - [2025-04-10T19:57:26.672+0000] {dag.py:3239} INFO - Sync 1 DAGs
[2025-04-10T19:57:26.712+0000] {logging_mixin.py:190} INFO - [2025-04-10T19:57:26.711+0000] {dag.py:4180} INFO - Setting next_dagrun for approval_workflow_with_user_input to None, run_after=None
[2025-04-10T19:57:26.767+0000] {processor.py:208} INFO - Processing /opt/airflow/dags/newdags.py took 0.215 seconds
[2025-04-10T19:57:56.948+0000] {processor.py:186} INFO - Started process (PID=247) to work on /opt/airflow/dags/newdags.py
[2025-04-10T19:57:56.950+0000] {processor.py:914} INFO - Processing file /opt/airflow/dags/newdags.py for tasks to queue
[2025-04-10T19:57:56.954+0000] {logging_mixin.py:190} INFO - [2025-04-10T19:57:56.953+0000] {dagbag.py:588} INFO - Filling up the DagBag from /opt/airflow/dags/newdags.py
[2025-04-10T19:57:56.971+0000] {processor.py:925} INFO - DAG(s) 'approval_workflow_with_user_input' retrieved from /opt/airflow/dags/newdags.py
[2025-04-10T19:57:57.007+0000] {logging_mixin.py:190} INFO - [2025-04-10T19:57:57.007+0000] {dag.py:3239} INFO - Sync 1 DAGs
[2025-04-10T19:57:57.029+0000] {logging_mixin.py:190} INFO - [2025-04-10T19:57:57.029+0000] {dag.py:4180} INFO - Setting next_dagrun for approval_workflow_with_user_input to None, run_after=None
[2025-04-10T19:57:57.061+0000] {processor.py:208} INFO - Processing /opt/airflow/dags/newdags.py took 0.142 seconds
[2025-04-10T19:58:27.423+0000] {processor.py:186} INFO - Started process (PID=255) to work on /opt/airflow/dags/newdags.py
[2025-04-10T19:58:27.432+0000] {processor.py:914} INFO - Processing file /opt/airflow/dags/newdags.py for tasks to queue
[2025-04-10T19:58:27.435+0000] {logging_mixin.py:190} INFO - [2025-04-10T19:58:27.434+0000] {dagbag.py:588} INFO - Filling up the DagBag from /opt/airflow/dags/newdags.py
[2025-04-10T19:58:27.455+0000] {processor.py:925} INFO - DAG(s) 'approval_workflow_with_user_input' retrieved from /opt/airflow/dags/newdags.py
[2025-04-10T19:58:27.508+0000] {logging_mixin.py:190} INFO - [2025-04-10T19:58:27.508+0000] {dag.py:3239} INFO - Sync 1 DAGs
[2025-04-10T19:58:27.545+0000] {logging_mixin.py:190} INFO - [2025-04-10T19:58:27.544+0000] {dag.py:4180} INFO - Setting next_dagrun for approval_workflow_with_user_input to None, run_after=None
[2025-04-10T19:58:27.590+0000] {processor.py:208} INFO - Processing /opt/airflow/dags/newdags.py took 0.186 seconds
[2025-04-10T19:58:32.495+0000] {processor.py:186} INFO - Started process (PID=256) to work on /opt/airflow/dags/newdags.py
[2025-04-10T19:58:32.498+0000] {processor.py:914} INFO - Processing file /opt/airflow/dags/newdags.py for tasks to queue
[2025-04-10T19:58:32.501+0000] {logging_mixin.py:190} INFO - [2025-04-10T19:58:32.501+0000] {dagbag.py:588} INFO - Filling up the DagBag from /opt/airflow/dags/newdags.py
[2025-04-10T19:58:32.519+0000] {processor.py:925} INFO - DAG(s) 'approval_rejection_dag' retrieved from /opt/airflow/dags/newdags.py
[2025-04-10T19:58:32.597+0000] {logging_mixin.py:190} INFO - [2025-04-10T19:58:32.596+0000] {override.py:1912} INFO - Created Permission View: can edit on DAG:approval_rejection_dag
[2025-04-10T19:58:32.608+0000] {logging_mixin.py:190} INFO - [2025-04-10T19:58:32.608+0000] {override.py:1912} INFO - Created Permission View: can read on DAG:approval_rejection_dag
[2025-04-10T19:58:32.617+0000] {logging_mixin.py:190} INFO - [2025-04-10T19:58:32.617+0000] {override.py:1912} INFO - Created Permission View: can delete on DAG:approval_rejection_dag
[2025-04-10T19:58:32.626+0000] {logging_mixin.py:190} INFO - [2025-04-10T19:58:32.626+0000] {override.py:1912} INFO - Created Permission View: menu access on DAG Run:approval_rejection_dag
[2025-04-10T19:58:32.634+0000] {logging_mixin.py:190} INFO - [2025-04-10T19:58:32.633+0000] {override.py:1912} INFO - Created Permission View: can create on DAG Run:approval_rejection_dag
[2025-04-10T19:58:32.641+0000] {logging_mixin.py:190} INFO - [2025-04-10T19:58:32.640+0000] {override.py:1912} INFO - Created Permission View: can read on DAG Run:approval_rejection_dag
[2025-04-10T19:58:32.654+0000] {logging_mixin.py:190} INFO - [2025-04-10T19:58:32.654+0000] {override.py:1912} INFO - Created Permission View: can delete on DAG Run:approval_rejection_dag
[2025-04-10T19:58:32.655+0000] {logging_mixin.py:190} INFO - [2025-04-10T19:58:32.654+0000] {dag.py:3239} INFO - Sync 1 DAGs
[2025-04-10T19:58:32.671+0000] {logging_mixin.py:190} INFO - [2025-04-10T19:58:32.670+0000] {dag.py:3262} INFO - Creating ORM DAG for approval_rejection_dag
[2025-04-10T19:58:32.671+0000] {logging_mixin.py:190} INFO - [2025-04-10T19:58:32.671+0000] {dag.py:4180} INFO - Setting next_dagrun for approval_rejection_dag to None, run_after=None
[2025-04-10T19:58:32.690+0000] {processor.py:208} INFO - Processing /opt/airflow/dags/newdags.py took 0.206 seconds
[2025-04-10T19:59:03.017+0000] {processor.py:186} INFO - Started process (PID=264) to work on /opt/airflow/dags/newdags.py
[2025-04-10T19:59:03.019+0000] {processor.py:914} INFO - Processing file /opt/airflow/dags/newdags.py for tasks to queue
[2025-04-10T19:59:03.024+0000] {logging_mixin.py:190} INFO - [2025-04-10T19:59:03.022+0000] {dagbag.py:588} INFO - Filling up the DagBag from /opt/airflow/dags/newdags.py
[2025-04-10T19:59:03.048+0000] {processor.py:925} INFO - DAG(s) 'approval_rejection_dag' retrieved from /opt/airflow/dags/newdags.py
[2025-04-10T19:59:03.103+0000] {logging_mixin.py:190} INFO - [2025-04-10T19:59:03.102+0000] {dag.py:3239} INFO - Sync 1 DAGs
[2025-04-10T19:59:03.145+0000] {logging_mixin.py:190} INFO - [2025-04-10T19:59:03.144+0000] {dag.py:4180} INFO - Setting next_dagrun for approval_rejection_dag to None, run_after=None
[2025-04-10T19:59:03.193+0000] {processor.py:208} INFO - Processing /opt/airflow/dags/newdags.py took 0.204 seconds
[2025-04-10T19:59:33.297+0000] {processor.py:186} INFO - Started process (PID=271) to work on /opt/airflow/dags/newdags.py
[2025-04-10T19:59:33.305+0000] {processor.py:914} INFO - Processing file /opt/airflow/dags/newdags.py for tasks to queue
[2025-04-10T19:59:33.307+0000] {logging_mixin.py:190} INFO - [2025-04-10T19:59:33.307+0000] {dagbag.py:588} INFO - Filling up the DagBag from /opt/airflow/dags/newdags.py
[2025-04-10T19:59:33.321+0000] {processor.py:925} INFO - DAG(s) 'approval_rejection_dag' retrieved from /opt/airflow/dags/newdags.py
[2025-04-10T19:59:33.364+0000] {logging_mixin.py:190} INFO - [2025-04-10T19:59:33.364+0000] {dag.py:3239} INFO - Sync 1 DAGs
[2025-04-10T19:59:33.397+0000] {logging_mixin.py:190} INFO - [2025-04-10T19:59:33.396+0000] {dag.py:4180} INFO - Setting next_dagrun for approval_rejection_dag to None, run_after=None
[2025-04-10T19:59:33.424+0000] {processor.py:208} INFO - Processing /opt/airflow/dags/newdags.py took 0.137 seconds
[2025-04-10T19:59:55.799+0000] {processor.py:186} INFO - Started process (PID=279) to work on /opt/airflow/dags/newdags.py
[2025-04-10T19:59:55.803+0000] {processor.py:914} INFO - Processing file /opt/airflow/dags/newdags.py for tasks to queue
[2025-04-10T19:59:55.813+0000] {logging_mixin.py:190} INFO - [2025-04-10T19:59:55.810+0000] {dagbag.py:588} INFO - Filling up the DagBag from /opt/airflow/dags/newdags.py
[2025-04-10T19:59:55.839+0000] {processor.py:925} INFO - DAG(s) 'approval_rejection_dag' retrieved from /opt/airflow/dags/newdags.py
[2025-04-10T19:59:55.889+0000] {logging_mixin.py:190} INFO - [2025-04-10T19:59:55.889+0000] {dag.py:3239} INFO - Sync 1 DAGs
[2025-04-10T19:59:55.921+0000] {logging_mixin.py:190} INFO - [2025-04-10T19:59:55.920+0000] {dag.py:4180} INFO - Setting next_dagrun for approval_rejection_dag to None, run_after=None
[2025-04-10T19:59:55.983+0000] {processor.py:208} INFO - Processing /opt/airflow/dags/newdags.py took 0.218 seconds
[2025-04-10T20:00:26.114+0000] {processor.py:186} INFO - Started process (PID=286) to work on /opt/airflow/dags/newdags.py
[2025-04-10T20:00:26.122+0000] {processor.py:914} INFO - Processing file /opt/airflow/dags/newdags.py for tasks to queue
[2025-04-10T20:00:26.123+0000] {logging_mixin.py:190} INFO - [2025-04-10T20:00:26.123+0000] {dagbag.py:588} INFO - Filling up the DagBag from /opt/airflow/dags/newdags.py
[2025-04-10T20:00:26.136+0000] {processor.py:925} INFO - DAG(s) 'approval_rejection_dag' retrieved from /opt/airflow/dags/newdags.py
[2025-04-10T20:00:26.170+0000] {logging_mixin.py:190} INFO - [2025-04-10T20:00:26.169+0000] {dag.py:3239} INFO - Sync 1 DAGs
[2025-04-10T20:00:26.191+0000] {logging_mixin.py:190} INFO - [2025-04-10T20:00:26.191+0000] {dag.py:4180} INFO - Setting next_dagrun for approval_rejection_dag to None, run_after=None
[2025-04-10T20:00:26.221+0000] {processor.py:208} INFO - Processing /opt/airflow/dags/newdags.py took 0.116 seconds
[2025-04-10T20:00:56.487+0000] {processor.py:186} INFO - Started process (PID=293) to work on /opt/airflow/dags/newdags.py
[2025-04-10T20:00:56.489+0000] {processor.py:914} INFO - Processing file /opt/airflow/dags/newdags.py for tasks to queue
[2025-04-10T20:00:56.494+0000] {logging_mixin.py:190} INFO - [2025-04-10T20:00:56.492+0000] {dagbag.py:588} INFO - Filling up the DagBag from /opt/airflow/dags/newdags.py
[2025-04-10T20:00:56.512+0000] {processor.py:925} INFO - DAG(s) 'approval_rejection_dag' retrieved from /opt/airflow/dags/newdags.py
[2025-04-10T20:00:56.547+0000] {logging_mixin.py:190} INFO - [2025-04-10T20:00:56.547+0000] {dag.py:3239} INFO - Sync 1 DAGs
[2025-04-10T20:00:56.568+0000] {logging_mixin.py:190} INFO - [2025-04-10T20:00:56.568+0000] {dag.py:4180} INFO - Setting next_dagrun for approval_rejection_dag to None, run_after=None
[2025-04-10T20:00:56.597+0000] {processor.py:208} INFO - Processing /opt/airflow/dags/newdags.py took 0.133 seconds
[2025-04-10T20:01:26.919+0000] {processor.py:186} INFO - Started process (PID=301) to work on /opt/airflow/dags/newdags.py
[2025-04-10T20:01:26.929+0000] {processor.py:914} INFO - Processing file /opt/airflow/dags/newdags.py for tasks to queue
[2025-04-10T20:01:26.931+0000] {logging_mixin.py:190} INFO - [2025-04-10T20:01:26.931+0000] {dagbag.py:588} INFO - Filling up the DagBag from /opt/airflow/dags/newdags.py
[2025-04-10T20:01:26.948+0000] {processor.py:925} INFO - DAG(s) 'approval_rejection_dag' retrieved from /opt/airflow/dags/newdags.py
[2025-04-10T20:01:26.982+0000] {logging_mixin.py:190} INFO - [2025-04-10T20:01:26.982+0000] {dag.py:3239} INFO - Sync 1 DAGs
[2025-04-10T20:01:27.000+0000] {logging_mixin.py:190} INFO - [2025-04-10T20:01:27.000+0000] {dag.py:4180} INFO - Setting next_dagrun for approval_rejection_dag to None, run_after=None
[2025-04-10T20:01:27.025+0000] {processor.py:208} INFO - Processing /opt/airflow/dags/newdags.py took 0.130 seconds
[2025-04-10T20:01:57.262+0000] {processor.py:186} INFO - Started process (PID=308) to work on /opt/airflow/dags/newdags.py
[2025-04-10T20:01:57.272+0000] {processor.py:914} INFO - Processing file /opt/airflow/dags/newdags.py for tasks to queue
[2025-04-10T20:01:57.277+0000] {logging_mixin.py:190} INFO - [2025-04-10T20:01:57.276+0000] {dagbag.py:588} INFO - Filling up the DagBag from /opt/airflow/dags/newdags.py
[2025-04-10T20:01:57.306+0000] {processor.py:925} INFO - DAG(s) 'approval_rejection_dag' retrieved from /opt/airflow/dags/newdags.py
[2025-04-10T20:01:57.342+0000] {logging_mixin.py:190} INFO - [2025-04-10T20:01:57.342+0000] {dag.py:3239} INFO - Sync 1 DAGs
[2025-04-10T20:01:57.368+0000] {logging_mixin.py:190} INFO - [2025-04-10T20:01:57.368+0000] {dag.py:4180} INFO - Setting next_dagrun for approval_rejection_dag to None, run_after=None
[2025-04-10T20:01:57.389+0000] {processor.py:208} INFO - Processing /opt/airflow/dags/newdags.py took 0.151 seconds
[2025-04-10T20:02:27.657+0000] {processor.py:186} INFO - Started process (PID=316) to work on /opt/airflow/dags/newdags.py
[2025-04-10T20:02:27.666+0000] {processor.py:914} INFO - Processing file /opt/airflow/dags/newdags.py for tasks to queue
[2025-04-10T20:02:27.668+0000] {logging_mixin.py:190} INFO - [2025-04-10T20:02:27.667+0000] {dagbag.py:588} INFO - Filling up the DagBag from /opt/airflow/dags/newdags.py
[2025-04-10T20:02:27.685+0000] {processor.py:925} INFO - DAG(s) 'approval_rejection_dag' retrieved from /opt/airflow/dags/newdags.py
[2025-04-10T20:02:27.756+0000] {logging_mixin.py:190} INFO - [2025-04-10T20:02:27.755+0000] {dag.py:3239} INFO - Sync 1 DAGs
[2025-04-10T20:02:27.790+0000] {logging_mixin.py:190} INFO - [2025-04-10T20:02:27.790+0000] {dag.py:4180} INFO - Setting next_dagrun for approval_rejection_dag to None, run_after=None
[2025-04-10T20:02:27.826+0000] {processor.py:208} INFO - Processing /opt/airflow/dags/newdags.py took 0.182 seconds
[2025-04-10T20:02:58.131+0000] {processor.py:186} INFO - Started process (PID=324) to work on /opt/airflow/dags/newdags.py
[2025-04-10T20:02:58.141+0000] {processor.py:914} INFO - Processing file /opt/airflow/dags/newdags.py for tasks to queue
[2025-04-10T20:02:58.150+0000] {logging_mixin.py:190} INFO - [2025-04-10T20:02:58.148+0000] {dagbag.py:588} INFO - Filling up the DagBag from /opt/airflow/dags/newdags.py
[2025-04-10T20:02:58.176+0000] {processor.py:925} INFO - DAG(s) 'approval_rejection_dag' retrieved from /opt/airflow/dags/newdags.py
[2025-04-10T20:02:58.213+0000] {logging_mixin.py:190} INFO - [2025-04-10T20:02:58.213+0000] {dag.py:3239} INFO - Sync 1 DAGs
[2025-04-10T20:02:58.235+0000] {logging_mixin.py:190} INFO - [2025-04-10T20:02:58.235+0000] {dag.py:4180} INFO - Setting next_dagrun for approval_rejection_dag to None, run_after=None
[2025-04-10T20:02:58.267+0000] {processor.py:208} INFO - Processing /opt/airflow/dags/newdags.py took 0.166 seconds
[2025-04-10T20:03:28.658+0000] {processor.py:186} INFO - Started process (PID=332) to work on /opt/airflow/dags/newdags.py
[2025-04-10T20:03:28.660+0000] {processor.py:914} INFO - Processing file /opt/airflow/dags/newdags.py for tasks to queue
[2025-04-10T20:03:28.664+0000] {logging_mixin.py:190} INFO - [2025-04-10T20:03:28.663+0000] {dagbag.py:588} INFO - Filling up the DagBag from /opt/airflow/dags/newdags.py
[2025-04-10T20:03:28.684+0000] {processor.py:925} INFO - DAG(s) 'approval_rejection_dag' retrieved from /opt/airflow/dags/newdags.py
[2025-04-10T20:03:28.720+0000] {logging_mixin.py:190} INFO - [2025-04-10T20:03:28.719+0000] {dag.py:3239} INFO - Sync 1 DAGs
[2025-04-10T20:03:28.740+0000] {logging_mixin.py:190} INFO - [2025-04-10T20:03:28.740+0000] {dag.py:4180} INFO - Setting next_dagrun for approval_rejection_dag to None, run_after=None
[2025-04-10T20:03:28.769+0000] {processor.py:208} INFO - Processing /opt/airflow/dags/newdags.py took 0.160 seconds
[2025-04-10T20:03:58.977+0000] {processor.py:186} INFO - Started process (PID=340) to work on /opt/airflow/dags/newdags.py
[2025-04-10T20:03:58.978+0000] {processor.py:914} INFO - Processing file /opt/airflow/dags/newdags.py for tasks to queue
[2025-04-10T20:03:58.979+0000] {logging_mixin.py:190} INFO - [2025-04-10T20:03:58.979+0000] {dagbag.py:588} INFO - Filling up the DagBag from /opt/airflow/dags/newdags.py
[2025-04-10T20:03:58.990+0000] {processor.py:925} INFO - DAG(s) 'approval_rejection_dag' retrieved from /opt/airflow/dags/newdags.py
[2025-04-10T20:03:59.029+0000] {logging_mixin.py:190} INFO - [2025-04-10T20:03:59.029+0000] {dag.py:3239} INFO - Sync 1 DAGs
[2025-04-10T20:03:59.051+0000] {logging_mixin.py:190} INFO - [2025-04-10T20:03:59.050+0000] {dag.py:4180} INFO - Setting next_dagrun for approval_rejection_dag to None, run_after=None
[2025-04-10T20:03:59.075+0000] {processor.py:208} INFO - Processing /opt/airflow/dags/newdags.py took 0.109 seconds
[2025-04-10T20:04:02.084+0000] {processor.py:186} INFO - Started process (PID=341) to work on /opt/airflow/dags/newdags.py
[2025-04-10T20:04:02.086+0000] {processor.py:914} INFO - Processing file /opt/airflow/dags/newdags.py for tasks to queue
[2025-04-10T20:04:02.088+0000] {logging_mixin.py:190} INFO - [2025-04-10T20:04:02.088+0000] {dagbag.py:588} INFO - Filling up the DagBag from /opt/airflow/dags/newdags.py
[2025-04-10T20:04:04.788+0000] {processor.py:925} INFO - DAG(s) 'approval_rejection_dag' retrieved from /opt/airflow/dags/newdags.py
[2025-04-10T20:04:04.812+0000] {logging_mixin.py:190} INFO - [2025-04-10T20:04:04.812+0000] {dag.py:3239} INFO - Sync 1 DAGs
[2025-04-10T20:04:04.825+0000] {logging_mixin.py:190} INFO - [2025-04-10T20:04:04.825+0000] {dag.py:4180} INFO - Setting next_dagrun for approval_rejection_dag to None, run_after=None
[2025-04-10T20:04:04.854+0000] {processor.py:208} INFO - Processing /opt/airflow/dags/newdags.py took 2.786 seconds
[2025-04-10T20:04:35.187+0000] {processor.py:186} INFO - Started process (PID=350) to work on /opt/airflow/dags/newdags.py
[2025-04-10T20:04:35.188+0000] {processor.py:914} INFO - Processing file /opt/airflow/dags/newdags.py for tasks to queue
[2025-04-10T20:04:35.191+0000] {logging_mixin.py:190} INFO - [2025-04-10T20:04:35.189+0000] {dagbag.py:588} INFO - Filling up the DagBag from /opt/airflow/dags/newdags.py
[2025-04-10T20:04:36.228+0000] {processor.py:925} INFO - DAG(s) 'approval_rejection_dag' retrieved from /opt/airflow/dags/newdags.py
[2025-04-10T20:04:36.289+0000] {logging_mixin.py:190} INFO - [2025-04-10T20:04:36.288+0000] {dag.py:3239} INFO - Sync 1 DAGs
[2025-04-10T20:04:36.316+0000] {logging_mixin.py:190} INFO - [2025-04-10T20:04:36.316+0000] {dag.py:4180} INFO - Setting next_dagrun for approval_rejection_dag to None, run_after=None
[2025-04-10T20:04:36.344+0000] {processor.py:208} INFO - Processing /opt/airflow/dags/newdags.py took 1.172 seconds
[2025-04-10T20:05:06.565+0000] {processor.py:186} INFO - Started process (PID=359) to work on /opt/airflow/dags/newdags.py
[2025-04-10T20:05:06.568+0000] {processor.py:914} INFO - Processing file /opt/airflow/dags/newdags.py for tasks to queue
[2025-04-10T20:05:06.572+0000] {logging_mixin.py:190} INFO - [2025-04-10T20:05:06.570+0000] {dagbag.py:588} INFO - Filling up the DagBag from /opt/airflow/dags/newdags.py
[2025-04-10T20:05:07.175+0000] {processor.py:925} INFO - DAG(s) 'approval_rejection_dag' retrieved from /opt/airflow/dags/newdags.py
[2025-04-10T20:05:07.200+0000] {logging_mixin.py:190} INFO - [2025-04-10T20:05:07.199+0000] {dag.py:3239} INFO - Sync 1 DAGs
[2025-04-10T20:05:07.218+0000] {logging_mixin.py:190} INFO - [2025-04-10T20:05:07.218+0000] {dag.py:4180} INFO - Setting next_dagrun for approval_rejection_dag to None, run_after=None
[2025-04-10T20:05:07.249+0000] {processor.py:208} INFO - Processing /opt/airflow/dags/newdags.py took 0.711 seconds
[2025-04-10T20:05:37.963+0000] {processor.py:186} INFO - Started process (PID=369) to work on /opt/airflow/dags/newdags.py
[2025-04-10T20:05:37.972+0000] {processor.py:914} INFO - Processing file /opt/airflow/dags/newdags.py for tasks to queue
[2025-04-10T20:05:37.975+0000] {logging_mixin.py:190} INFO - [2025-04-10T20:05:37.975+0000] {dagbag.py:588} INFO - Filling up the DagBag from /opt/airflow/dags/newdags.py
[2025-04-10T20:05:38.796+0000] {processor.py:925} INFO - DAG(s) 'approval_rejection_dag' retrieved from /opt/airflow/dags/newdags.py
[2025-04-10T20:05:38.827+0000] {logging_mixin.py:190} INFO - [2025-04-10T20:05:38.827+0000] {dag.py:3239} INFO - Sync 1 DAGs
[2025-04-10T20:05:38.846+0000] {logging_mixin.py:190} INFO - [2025-04-10T20:05:38.845+0000] {dag.py:4180} INFO - Setting next_dagrun for approval_rejection_dag to None, run_after=None
[2025-04-10T20:05:38.892+0000] {processor.py:208} INFO - Processing /opt/airflow/dags/newdags.py took 0.941 seconds
[2025-04-10T20:06:09.276+0000] {processor.py:186} INFO - Started process (PID=378) to work on /opt/airflow/dags/newdags.py
[2025-04-10T20:06:09.286+0000] {processor.py:914} INFO - Processing file /opt/airflow/dags/newdags.py for tasks to queue
[2025-04-10T20:06:09.289+0000] {logging_mixin.py:190} INFO - [2025-04-10T20:06:09.288+0000] {dagbag.py:588} INFO - Filling up the DagBag from /opt/airflow/dags/newdags.py
[2025-04-10T20:06:10.127+0000] {processor.py:925} INFO - DAG(s) 'approval_rejection_dag' retrieved from /opt/airflow/dags/newdags.py
[2025-04-10T20:06:10.155+0000] {logging_mixin.py:190} INFO - [2025-04-10T20:06:10.155+0000] {dag.py:3239} INFO - Sync 1 DAGs
[2025-04-10T20:06:10.179+0000] {logging_mixin.py:190} INFO - [2025-04-10T20:06:10.178+0000] {dag.py:4180} INFO - Setting next_dagrun for approval_rejection_dag to None, run_after=None
[2025-04-10T20:06:10.226+0000] {processor.py:208} INFO - Processing /opt/airflow/dags/newdags.py took 0.971 seconds
[2025-04-10T20:06:40.611+0000] {processor.py:186} INFO - Started process (PID=388) to work on /opt/airflow/dags/newdags.py
[2025-04-10T20:06:40.620+0000] {processor.py:914} INFO - Processing file /opt/airflow/dags/newdags.py for tasks to queue
[2025-04-10T20:06:40.624+0000] {logging_mixin.py:190} INFO - [2025-04-10T20:06:40.623+0000] {dagbag.py:588} INFO - Filling up the DagBag from /opt/airflow/dags/newdags.py
[2025-04-10T20:06:41.242+0000] {processor.py:925} INFO - DAG(s) 'approval_rejection_dag' retrieved from /opt/airflow/dags/newdags.py
[2025-04-10T20:06:41.254+0000] {logging_mixin.py:190} INFO - [2025-04-10T20:06:41.253+0000] {dag.py:3239} INFO - Sync 1 DAGs
[2025-04-10T20:06:41.270+0000] {logging_mixin.py:190} INFO - [2025-04-10T20:06:41.269+0000] {dag.py:4180} INFO - Setting next_dagrun for approval_rejection_dag to None, run_after=None
[2025-04-10T20:06:41.302+0000] {processor.py:208} INFO - Processing /opt/airflow/dags/newdags.py took 0.702 seconds
[2025-04-10T20:07:11.421+0000] {processor.py:186} INFO - Started process (PID=399) to work on /opt/airflow/dags/newdags.py
[2025-04-10T20:07:11.422+0000] {processor.py:914} INFO - Processing file /opt/airflow/dags/newdags.py for tasks to queue
[2025-04-10T20:07:11.425+0000] {logging_mixin.py:190} INFO - [2025-04-10T20:07:11.424+0000] {dagbag.py:588} INFO - Filling up the DagBag from /opt/airflow/dags/newdags.py
[2025-04-10T20:07:11.930+0000] {processor.py:925} INFO - DAG(s) 'approval_rejection_dag' retrieved from /opt/airflow/dags/newdags.py
[2025-04-10T20:07:12.002+0000] {logging_mixin.py:190} INFO - [2025-04-10T20:07:12.002+0000] {dag.py:3239} INFO - Sync 1 DAGs
[2025-04-10T20:07:12.014+0000] {logging_mixin.py:190} INFO - [2025-04-10T20:07:12.014+0000] {dag.py:4180} INFO - Setting next_dagrun for approval_rejection_dag to None, run_after=None
[2025-04-10T20:07:12.031+0000] {processor.py:208} INFO - Processing /opt/airflow/dags/newdags.py took 0.620 seconds
[2025-04-10T20:07:42.101+0000] {processor.py:186} INFO - Started process (PID=410) to work on /opt/airflow/dags/newdags.py
[2025-04-10T20:07:42.110+0000] {processor.py:914} INFO - Processing file /opt/airflow/dags/newdags.py for tasks to queue
[2025-04-10T20:07:42.113+0000] {logging_mixin.py:190} INFO - [2025-04-10T20:07:42.112+0000] {dagbag.py:588} INFO - Filling up the DagBag from /opt/airflow/dags/newdags.py
[2025-04-10T20:07:42.981+0000] {processor.py:925} INFO - DAG(s) 'approval_rejection_dag' retrieved from /opt/airflow/dags/newdags.py
[2025-04-10T20:07:43.012+0000] {logging_mixin.py:190} INFO - [2025-04-10T20:07:43.012+0000] {dag.py:3239} INFO - Sync 1 DAGs
[2025-04-10T20:07:43.036+0000] {logging_mixin.py:190} INFO - [2025-04-10T20:07:43.036+0000] {dag.py:4180} INFO - Setting next_dagrun for approval_rejection_dag to None, run_after=None
[2025-04-10T20:07:43.067+0000] {processor.py:208} INFO - Processing /opt/airflow/dags/newdags.py took 0.980 seconds
[2025-04-10T20:08:13.318+0000] {processor.py:186} INFO - Started process (PID=421) to work on /opt/airflow/dags/newdags.py
[2025-04-10T20:08:13.327+0000] {processor.py:914} INFO - Processing file /opt/airflow/dags/newdags.py for tasks to queue
[2025-04-10T20:08:13.329+0000] {logging_mixin.py:190} INFO - [2025-04-10T20:08:13.329+0000] {dagbag.py:588} INFO - Filling up the DagBag from /opt/airflow/dags/newdags.py
[2025-04-10T20:08:14.016+0000] {processor.py:925} INFO - DAG(s) 'approval_rejection_dag' retrieved from /opt/airflow/dags/newdags.py
[2025-04-10T20:08:14.026+0000] {logging_mixin.py:190} INFO - [2025-04-10T20:08:14.025+0000] {dag.py:3239} INFO - Sync 1 DAGs
[2025-04-10T20:08:14.045+0000] {logging_mixin.py:190} INFO - [2025-04-10T20:08:14.044+0000] {dag.py:4180} INFO - Setting next_dagrun for approval_rejection_dag to None, run_after=None
[2025-04-10T20:08:14.070+0000] {processor.py:208} INFO - Processing /opt/airflow/dags/newdags.py took 0.765 seconds
[2025-04-10T20:11:10.046+0000] {processor.py:186} INFO - Started process (PID=95) to work on /opt/airflow/dags/newdags.py
[2025-04-10T20:11:10.056+0000] {processor.py:914} INFO - Processing file /opt/airflow/dags/newdags.py for tasks to queue
[2025-04-10T20:11:10.063+0000] {logging_mixin.py:190} INFO - [2025-04-10T20:11:10.062+0000] {dagbag.py:588} INFO - Filling up the DagBag from /opt/airflow/dags/newdags.py
[2025-04-10T20:11:16.383+0000] {processor.py:925} INFO - DAG(s) 'approval_rejection_dag' retrieved from /opt/airflow/dags/newdags.py
[2025-04-10T20:11:16.900+0000] {logging_mixin.py:190} INFO - [2025-04-10T20:11:16.899+0000] {dag.py:3239} INFO - Sync 1 DAGs
[2025-04-10T20:11:16.928+0000] {logging_mixin.py:190} INFO - [2025-04-10T20:11:16.927+0000] {dag.py:4180} INFO - Setting next_dagrun for approval_rejection_dag to None, run_after=None
[2025-04-10T20:11:16.977+0000] {processor.py:208} INFO - Processing /opt/airflow/dags/newdags.py took 6.986 seconds
[2025-04-10T20:11:47.209+0000] {processor.py:186} INFO - Started process (PID=106) to work on /opt/airflow/dags/newdags.py
[2025-04-10T20:11:47.218+0000] {processor.py:914} INFO - Processing file /opt/airflow/dags/newdags.py for tasks to queue
[2025-04-10T20:11:47.223+0000] {logging_mixin.py:190} INFO - [2025-04-10T20:11:47.222+0000] {dagbag.py:588} INFO - Filling up the DagBag from /opt/airflow/dags/newdags.py
[2025-04-10T20:11:48.146+0000] {processor.py:925} INFO - DAG(s) 'approval_rejection_dag' retrieved from /opt/airflow/dags/newdags.py
[2025-04-10T20:11:48.189+0000] {logging_mixin.py:190} INFO - [2025-04-10T20:11:48.189+0000] {dag.py:3239} INFO - Sync 1 DAGs
[2025-04-10T20:11:48.220+0000] {logging_mixin.py:190} INFO - [2025-04-10T20:11:48.220+0000] {dag.py:4180} INFO - Setting next_dagrun for approval_rejection_dag to None, run_after=None
[2025-04-10T20:11:48.259+0000] {processor.py:208} INFO - Processing /opt/airflow/dags/newdags.py took 1.063 seconds
[2025-04-10T20:12:18.676+0000] {processor.py:186} INFO - Started process (PID=117) to work on /opt/airflow/dags/newdags.py
[2025-04-10T20:12:18.677+0000] {processor.py:914} INFO - Processing file /opt/airflow/dags/newdags.py for tasks to queue
[2025-04-10T20:12:18.681+0000] {logging_mixin.py:190} INFO - [2025-04-10T20:12:18.681+0000] {dagbag.py:588} INFO - Filling up the DagBag from /opt/airflow/dags/newdags.py
[2025-04-10T20:12:19.462+0000] {processor.py:925} INFO - DAG(s) 'approval_rejection_dag' retrieved from /opt/airflow/dags/newdags.py
[2025-04-10T20:12:19.558+0000] {logging_mixin.py:190} INFO - [2025-04-10T20:12:19.557+0000] {dag.py:3239} INFO - Sync 1 DAGs
[2025-04-10T20:12:19.571+0000] {logging_mixin.py:190} INFO - [2025-04-10T20:12:19.571+0000] {dag.py:4180} INFO - Setting next_dagrun for approval_rejection_dag to None, run_after=None
[2025-04-10T20:12:19.594+0000] {processor.py:208} INFO - Processing /opt/airflow/dags/newdags.py took 0.933 seconds
[2025-04-10T20:12:49.959+0000] {processor.py:186} INFO - Started process (PID=128) to work on /opt/airflow/dags/newdags.py
[2025-04-10T20:12:49.960+0000] {processor.py:914} INFO - Processing file /opt/airflow/dags/newdags.py for tasks to queue
[2025-04-10T20:12:49.963+0000] {logging_mixin.py:190} INFO - [2025-04-10T20:12:49.963+0000] {dagbag.py:588} INFO - Filling up the DagBag from /opt/airflow/dags/newdags.py
[2025-04-10T20:12:50.729+0000] {processor.py:925} INFO - DAG(s) 'approval_rejection_dag' retrieved from /opt/airflow/dags/newdags.py
[2025-04-10T20:12:50.776+0000] {logging_mixin.py:190} INFO - [2025-04-10T20:12:50.775+0000] {dag.py:3239} INFO - Sync 1 DAGs
[2025-04-10T20:12:50.805+0000] {logging_mixin.py:190} INFO - [2025-04-10T20:12:50.804+0000] {dag.py:4180} INFO - Setting next_dagrun for approval_rejection_dag to None, run_after=None
[2025-04-10T20:12:50.844+0000] {processor.py:208} INFO - Processing /opt/airflow/dags/newdags.py took 0.897 seconds
[2025-04-10T20:13:21.322+0000] {processor.py:186} INFO - Started process (PID=139) to work on /opt/airflow/dags/newdags.py
[2025-04-10T20:13:21.323+0000] {processor.py:914} INFO - Processing file /opt/airflow/dags/newdags.py for tasks to queue
[2025-04-10T20:13:21.326+0000] {logging_mixin.py:190} INFO - [2025-04-10T20:13:21.326+0000] {dagbag.py:588} INFO - Filling up the DagBag from /opt/airflow/dags/newdags.py
[2025-04-10T20:13:21.892+0000] {processor.py:925} INFO - DAG(s) 'approval_rejection_dag' retrieved from /opt/airflow/dags/newdags.py
[2025-04-10T20:13:22.004+0000] {logging_mixin.py:190} INFO - [2025-04-10T20:13:22.003+0000] {dag.py:3239} INFO - Sync 1 DAGs
[2025-04-10T20:13:22.027+0000] {logging_mixin.py:190} INFO - [2025-04-10T20:13:22.026+0000] {dag.py:4180} INFO - Setting next_dagrun for approval_rejection_dag to None, run_after=None
[2025-04-10T20:13:22.056+0000] {processor.py:208} INFO - Processing /opt/airflow/dags/newdags.py took 0.746 seconds
[2025-04-10T20:13:52.431+0000] {processor.py:186} INFO - Started process (PID=150) to work on /opt/airflow/dags/newdags.py
[2025-04-10T20:13:52.433+0000] {processor.py:914} INFO - Processing file /opt/airflow/dags/newdags.py for tasks to queue
[2025-04-10T20:13:52.437+0000] {logging_mixin.py:190} INFO - [2025-04-10T20:13:52.436+0000] {dagbag.py:588} INFO - Filling up the DagBag from /opt/airflow/dags/newdags.py
[2025-04-10T20:13:53.197+0000] {processor.py:925} INFO - DAG(s) 'approval_rejection_dag' retrieved from /opt/airflow/dags/newdags.py
[2025-04-10T20:13:53.228+0000] {logging_mixin.py:190} INFO - [2025-04-10T20:13:53.227+0000] {dag.py:3239} INFO - Sync 1 DAGs
[2025-04-10T20:13:53.244+0000] {logging_mixin.py:190} INFO - [2025-04-10T20:13:53.244+0000] {dag.py:4180} INFO - Setting next_dagrun for approval_rejection_dag to None, run_after=None
[2025-04-10T20:13:53.275+0000] {processor.py:208} INFO - Processing /opt/airflow/dags/newdags.py took 0.865 seconds
[2025-04-10T20:14:23.748+0000] {processor.py:186} INFO - Started process (PID=161) to work on /opt/airflow/dags/newdags.py
[2025-04-10T20:14:23.757+0000] {processor.py:914} INFO - Processing file /opt/airflow/dags/newdags.py for tasks to queue
[2025-04-10T20:14:23.765+0000] {logging_mixin.py:190} INFO - [2025-04-10T20:14:23.762+0000] {dagbag.py:588} INFO - Filling up the DagBag from /opt/airflow/dags/newdags.py
[2025-04-10T20:14:24.549+0000] {processor.py:925} INFO - DAG(s) 'approval_rejection_dag' retrieved from /opt/airflow/dags/newdags.py
[2025-04-10T20:14:24.681+0000] {logging_mixin.py:190} INFO - [2025-04-10T20:14:24.680+0000] {dag.py:3239} INFO - Sync 1 DAGs
[2025-04-10T20:14:24.700+0000] {logging_mixin.py:190} INFO - [2025-04-10T20:14:24.700+0000] {dag.py:4180} INFO - Setting next_dagrun for approval_rejection_dag to None, run_after=None
[2025-04-10T20:14:24.729+0000] {processor.py:208} INFO - Processing /opt/airflow/dags/newdags.py took 1.019 seconds
[2025-04-10T20:14:55.077+0000] {processor.py:186} INFO - Started process (PID=172) to work on /opt/airflow/dags/newdags.py
[2025-04-10T20:14:55.078+0000] {processor.py:914} INFO - Processing file /opt/airflow/dags/newdags.py for tasks to queue
[2025-04-10T20:14:55.081+0000] {logging_mixin.py:190} INFO - [2025-04-10T20:14:55.080+0000] {dagbag.py:588} INFO - Filling up the DagBag from /opt/airflow/dags/newdags.py
[2025-04-10T20:14:55.686+0000] {processor.py:925} INFO - DAG(s) 'approval_rejection_dag' retrieved from /opt/airflow/dags/newdags.py
[2025-04-10T20:14:55.709+0000] {logging_mixin.py:190} INFO - [2025-04-10T20:14:55.709+0000] {dag.py:3239} INFO - Sync 1 DAGs
[2025-04-10T20:14:55.730+0000] {logging_mixin.py:190} INFO - [2025-04-10T20:14:55.730+0000] {dag.py:4180} INFO - Setting next_dagrun for approval_rejection_dag to None, run_after=None
[2025-04-10T20:14:55.764+0000] {processor.py:208} INFO - Processing /opt/airflow/dags/newdags.py took 0.696 seconds
[2025-04-10T20:15:26.217+0000] {processor.py:186} INFO - Started process (PID=189) to work on /opt/airflow/dags/newdags.py
[2025-04-10T20:15:26.219+0000] {processor.py:914} INFO - Processing file /opt/airflow/dags/newdags.py for tasks to queue
[2025-04-10T20:15:26.224+0000] {logging_mixin.py:190} INFO - [2025-04-10T20:15:26.224+0000] {dagbag.py:588} INFO - Filling up the DagBag from /opt/airflow/dags/newdags.py
[2025-04-10T20:15:26.873+0000] {processor.py:925} INFO - DAG(s) 'approval_rejection_dag' retrieved from /opt/airflow/dags/newdags.py
[2025-04-10T20:15:26.985+0000] {logging_mixin.py:190} INFO - [2025-04-10T20:15:26.984+0000] {dag.py:3239} INFO - Sync 1 DAGs
[2025-04-10T20:15:27.009+0000] {logging_mixin.py:190} INFO - [2025-04-10T20:15:27.008+0000] {dag.py:4180} INFO - Setting next_dagrun for approval_rejection_dag to None, run_after=None
[2025-04-10T20:15:27.043+0000] {processor.py:208} INFO - Processing /opt/airflow/dags/newdags.py took 0.850 seconds
[2025-04-10T20:15:57.444+0000] {processor.py:186} INFO - Started process (PID=200) to work on /opt/airflow/dags/newdags.py
[2025-04-10T20:15:57.446+0000] {processor.py:914} INFO - Processing file /opt/airflow/dags/newdags.py for tasks to queue
[2025-04-10T20:15:57.452+0000] {logging_mixin.py:190} INFO - [2025-04-10T20:15:57.451+0000] {dagbag.py:588} INFO - Filling up the DagBag from /opt/airflow/dags/newdags.py
[2025-04-10T20:15:58.080+0000] {processor.py:925} INFO - DAG(s) 'approval_rejection_dag' retrieved from /opt/airflow/dags/newdags.py
[2025-04-10T20:15:58.108+0000] {logging_mixin.py:190} INFO - [2025-04-10T20:15:58.107+0000] {dag.py:3239} INFO - Sync 1 DAGs
[2025-04-10T20:15:58.121+0000] {logging_mixin.py:190} INFO - [2025-04-10T20:15:58.121+0000] {dag.py:4180} INFO - Setting next_dagrun for approval_rejection_dag to None, run_after=None
[2025-04-10T20:15:58.151+0000] {processor.py:208} INFO - Processing /opt/airflow/dags/newdags.py took 0.737 seconds
[2025-04-10T20:18:13.407+0000] {processor.py:186} INFO - Started process (PID=90) to work on /opt/airflow/dags/newdags.py
[2025-04-10T20:18:13.410+0000] {processor.py:914} INFO - Processing file /opt/airflow/dags/newdags.py for tasks to queue
[2025-04-10T20:18:13.413+0000] {logging_mixin.py:190} INFO - [2025-04-10T20:18:13.413+0000] {dagbag.py:588} INFO - Filling up the DagBag from /opt/airflow/dags/newdags.py
[2025-04-10T20:18:17.701+0000] {processor.py:925} INFO - DAG(s) 'approval_rejection_dag' retrieved from /opt/airflow/dags/newdags.py
[2025-04-10T20:18:18.461+0000] {logging_mixin.py:190} INFO - [2025-04-10T20:18:18.460+0000] {override.py:1912} INFO - Created Permission View: can edit on DAG:approval_rejection_dag
[2025-04-10T20:18:18.501+0000] {logging_mixin.py:190} INFO - [2025-04-10T20:18:18.500+0000] {override.py:1912} INFO - Created Permission View: can delete on DAG:approval_rejection_dag
[2025-04-10T20:18:18.519+0000] {logging_mixin.py:190} INFO - [2025-04-10T20:18:18.518+0000] {override.py:1912} INFO - Created Permission View: can read on DAG:approval_rejection_dag
[2025-04-10T20:18:18.536+0000] {logging_mixin.py:190} INFO - [2025-04-10T20:18:18.534+0000] {override.py:1912} INFO - Created Permission View: can delete on DAG Run:approval_rejection_dag
[2025-04-10T20:18:18.577+0000] {logging_mixin.py:190} INFO - [2025-04-10T20:18:18.577+0000] {override.py:1912} INFO - Created Permission View: menu access on DAG Run:approval_rejection_dag
[2025-04-10T20:18:18.610+0000] {logging_mixin.py:190} INFO - [2025-04-10T20:18:18.609+0000] {override.py:1912} INFO - Created Permission View: can read on DAG Run:approval_rejection_dag
[2025-04-10T20:18:18.639+0000] {logging_mixin.py:190} INFO - [2025-04-10T20:18:18.638+0000] {override.py:1912} INFO - Created Permission View: can create on DAG Run:approval_rejection_dag
[2025-04-10T20:18:18.640+0000] {logging_mixin.py:190} INFO - [2025-04-10T20:18:18.639+0000] {dag.py:3239} INFO - Sync 1 DAGs
[2025-04-10T20:18:18.680+0000] {logging_mixin.py:190} INFO - [2025-04-10T20:18:18.679+0000] {dag.py:3262} INFO - Creating ORM DAG for approval_rejection_dag
[2025-04-10T20:18:18.681+0000] {logging_mixin.py:190} INFO - [2025-04-10T20:18:18.680+0000] {dag.py:4180} INFO - Setting next_dagrun for approval_rejection_dag to None, run_after=None
[2025-04-10T20:18:18.721+0000] {processor.py:208} INFO - Processing /opt/airflow/dags/newdags.py took 5.354 seconds
[2025-04-10T20:18:49.259+0000] {processor.py:186} INFO - Started process (PID=101) to work on /opt/airflow/dags/newdags.py
[2025-04-10T20:18:49.260+0000] {processor.py:914} INFO - Processing file /opt/airflow/dags/newdags.py for tasks to queue
[2025-04-10T20:18:49.262+0000] {logging_mixin.py:190} INFO - [2025-04-10T20:18:49.262+0000] {dagbag.py:588} INFO - Filling up the DagBag from /opt/airflow/dags/newdags.py
[2025-04-10T20:18:49.991+0000] {processor.py:925} INFO - DAG(s) 'approval_rejection_dag' retrieved from /opt/airflow/dags/newdags.py
[2025-04-10T20:18:50.055+0000] {logging_mixin.py:190} INFO - [2025-04-10T20:18:50.054+0000] {dag.py:3239} INFO - Sync 1 DAGs
[2025-04-10T20:18:50.082+0000] {logging_mixin.py:190} INFO - [2025-04-10T20:18:50.081+0000] {dag.py:4180} INFO - Setting next_dagrun for approval_rejection_dag to None, run_after=None
[2025-04-10T20:18:50.120+0000] {processor.py:208} INFO - Processing /opt/airflow/dags/newdags.py took 0.869 seconds
[2025-04-10T20:19:20.585+0000] {processor.py:186} INFO - Started process (PID=112) to work on /opt/airflow/dags/newdags.py
[2025-04-10T20:19:20.586+0000] {processor.py:914} INFO - Processing file /opt/airflow/dags/newdags.py for tasks to queue
[2025-04-10T20:19:20.588+0000] {logging_mixin.py:190} INFO - [2025-04-10T20:19:20.588+0000] {dagbag.py:588} INFO - Filling up the DagBag from /opt/airflow/dags/newdags.py
[2025-04-10T20:19:21.123+0000] {processor.py:925} INFO - DAG(s) 'approval_rejection_dag' retrieved from /opt/airflow/dags/newdags.py
[2025-04-10T20:19:21.209+0000] {logging_mixin.py:190} INFO - [2025-04-10T20:19:21.209+0000] {dag.py:3239} INFO - Sync 1 DAGs
[2025-04-10T20:19:21.231+0000] {logging_mixin.py:190} INFO - [2025-04-10T20:19:21.231+0000] {dag.py:4180} INFO - Setting next_dagrun for approval_rejection_dag to None, run_after=None
[2025-04-10T20:19:21.268+0000] {processor.py:208} INFO - Processing /opt/airflow/dags/newdags.py took 0.693 seconds
[2025-04-10T20:19:51.598+0000] {processor.py:186} INFO - Started process (PID=123) to work on /opt/airflow/dags/newdags.py
[2025-04-10T20:19:51.603+0000] {processor.py:914} INFO - Processing file /opt/airflow/dags/newdags.py for tasks to queue
[2025-04-10T20:19:51.607+0000] {logging_mixin.py:190} INFO - [2025-04-10T20:19:51.607+0000] {dagbag.py:588} INFO - Filling up the DagBag from /opt/airflow/dags/newdags.py
[2025-04-10T20:19:52.595+0000] {processor.py:925} INFO - DAG(s) 'approval_rejection_dag' retrieved from /opt/airflow/dags/newdags.py
[2025-04-10T20:19:52.631+0000] {logging_mixin.py:190} INFO - [2025-04-10T20:19:52.630+0000] {dag.py:3239} INFO - Sync 1 DAGs
[2025-04-10T20:19:52.655+0000] {logging_mixin.py:190} INFO - [2025-04-10T20:19:52.655+0000] {dag.py:4180} INFO - Setting next_dagrun for approval_rejection_dag to None, run_after=None
[2025-04-10T20:19:52.696+0000] {processor.py:208} INFO - Processing /opt/airflow/dags/newdags.py took 1.111 seconds
[2025-04-10T20:20:23.091+0000] {processor.py:186} INFO - Started process (PID=135) to work on /opt/airflow/dags/newdags.py
[2025-04-10T20:20:23.093+0000] {processor.py:914} INFO - Processing file /opt/airflow/dags/newdags.py for tasks to queue
[2025-04-10T20:20:23.097+0000] {logging_mixin.py:190} INFO - [2025-04-10T20:20:23.096+0000] {dagbag.py:588} INFO - Filling up the DagBag from /opt/airflow/dags/newdags.py
[2025-04-10T20:20:24.001+0000] {processor.py:925} INFO - DAG(s) 'approval_rejection_dag' retrieved from /opt/airflow/dags/newdags.py
[2025-04-10T20:20:24.153+0000] {logging_mixin.py:190} INFO - [2025-04-10T20:20:24.152+0000] {dag.py:3239} INFO - Sync 1 DAGs
[2025-04-10T20:20:24.168+0000] {logging_mixin.py:190} INFO - [2025-04-10T20:20:24.168+0000] {dag.py:4180} INFO - Setting next_dagrun for approval_rejection_dag to None, run_after=None
[2025-04-10T20:20:24.201+0000] {processor.py:208} INFO - Processing /opt/airflow/dags/newdags.py took 1.121 seconds
[2025-04-10T20:20:54.472+0000] {processor.py:186} INFO - Started process (PID=146) to work on /opt/airflow/dags/newdags.py
[2025-04-10T20:20:54.476+0000] {processor.py:914} INFO - Processing file /opt/airflow/dags/newdags.py for tasks to queue
[2025-04-10T20:20:54.487+0000] {logging_mixin.py:190} INFO - [2025-04-10T20:20:54.485+0000] {dagbag.py:588} INFO - Filling up the DagBag from /opt/airflow/dags/newdags.py
[2025-04-10T20:20:55.169+0000] {processor.py:925} INFO - DAG(s) 'approval_rejection_dag' retrieved from /opt/airflow/dags/newdags.py
[2025-04-10T20:20:55.210+0000] {logging_mixin.py:190} INFO - [2025-04-10T20:20:55.210+0000] {dag.py:3239} INFO - Sync 1 DAGs
[2025-04-10T20:20:55.229+0000] {logging_mixin.py:190} INFO - [2025-04-10T20:20:55.229+0000] {dag.py:4180} INFO - Setting next_dagrun for approval_rejection_dag to None, run_after=None
[2025-04-10T20:20:55.249+0000] {processor.py:208} INFO - Processing /opt/airflow/dags/newdags.py took 0.812 seconds
[2025-04-10T20:21:25.679+0000] {processor.py:186} INFO - Started process (PID=156) to work on /opt/airflow/dags/newdags.py
[2025-04-10T20:21:25.680+0000] {processor.py:914} INFO - Processing file /opt/airflow/dags/newdags.py for tasks to queue
[2025-04-10T20:21:25.682+0000] {logging_mixin.py:190} INFO - [2025-04-10T20:21:25.681+0000] {dagbag.py:588} INFO - Filling up the DagBag from /opt/airflow/dags/newdags.py
[2025-04-10T20:21:26.212+0000] {processor.py:925} INFO - DAG(s) 'approval_rejection_dag' retrieved from /opt/airflow/dags/newdags.py
[2025-04-10T20:21:26.296+0000] {logging_mixin.py:190} INFO - [2025-04-10T20:21:26.296+0000] {dag.py:3239} INFO - Sync 1 DAGs
[2025-04-10T20:21:26.313+0000] {logging_mixin.py:190} INFO - [2025-04-10T20:21:26.313+0000] {dag.py:4180} INFO - Setting next_dagrun for approval_rejection_dag to None, run_after=None
[2025-04-10T20:21:26.338+0000] {processor.py:208} INFO - Processing /opt/airflow/dags/newdags.py took 0.669 seconds
[2025-04-10T20:21:56.664+0000] {processor.py:186} INFO - Started process (PID=168) to work on /opt/airflow/dags/newdags.py
[2025-04-10T20:21:56.665+0000] {processor.py:914} INFO - Processing file /opt/airflow/dags/newdags.py for tasks to queue
[2025-04-10T20:21:56.667+0000] {logging_mixin.py:190} INFO - [2025-04-10T20:21:56.667+0000] {dagbag.py:588} INFO - Filling up the DagBag from /opt/airflow/dags/newdags.py
[2025-04-10T20:21:57.213+0000] {processor.py:925} INFO - DAG(s) 'approval_rejection_dag' retrieved from /opt/airflow/dags/newdags.py
[2025-04-10T20:21:57.254+0000] {logging_mixin.py:190} INFO - [2025-04-10T20:21:57.253+0000] {dag.py:3239} INFO - Sync 1 DAGs
[2025-04-10T20:21:57.276+0000] {logging_mixin.py:190} INFO - [2025-04-10T20:21:57.276+0000] {dag.py:4180} INFO - Setting next_dagrun for approval_rejection_dag to None, run_after=None
[2025-04-10T20:21:57.320+0000] {processor.py:208} INFO - Processing /opt/airflow/dags/newdags.py took 0.664 seconds
[2025-04-10T20:22:27.777+0000] {processor.py:186} INFO - Started process (PID=181) to work on /opt/airflow/dags/newdags.py
[2025-04-10T20:22:27.779+0000] {processor.py:914} INFO - Processing file /opt/airflow/dags/newdags.py for tasks to queue
[2025-04-10T20:22:27.782+0000] {logging_mixin.py:190} INFO - [2025-04-10T20:22:27.781+0000] {dagbag.py:588} INFO - Filling up the DagBag from /opt/airflow/dags/newdags.py
[2025-04-10T20:22:28.629+0000] {processor.py:925} INFO - DAG(s) 'approval_rejection_dag' retrieved from /opt/airflow/dags/newdags.py
[2025-04-10T20:22:28.747+0000] {logging_mixin.py:190} INFO - [2025-04-10T20:22:28.746+0000] {dag.py:3239} INFO - Sync 1 DAGs
[2025-04-10T20:22:28.763+0000] {logging_mixin.py:190} INFO - [2025-04-10T20:22:28.763+0000] {dag.py:4180} INFO - Setting next_dagrun for approval_rejection_dag to None, run_after=None
[2025-04-10T20:22:28.794+0000] {processor.py:208} INFO - Processing /opt/airflow/dags/newdags.py took 1.024 seconds
[2025-04-10T20:22:59.209+0000] {processor.py:186} INFO - Started process (PID=192) to work on /opt/airflow/dags/newdags.py
[2025-04-10T20:22:59.212+0000] {processor.py:914} INFO - Processing file /opt/airflow/dags/newdags.py for tasks to queue
[2025-04-10T20:22:59.218+0000] {logging_mixin.py:190} INFO - [2025-04-10T20:22:59.217+0000] {dagbag.py:588} INFO - Filling up the DagBag from /opt/airflow/dags/newdags.py
[2025-04-10T20:23:00.081+0000] {processor.py:925} INFO - DAG(s) 'approval_rejection_dag' retrieved from /opt/airflow/dags/newdags.py
[2025-04-10T20:23:00.119+0000] {logging_mixin.py:190} INFO - [2025-04-10T20:23:00.118+0000] {dag.py:3239} INFO - Sync 1 DAGs
[2025-04-10T20:23:00.143+0000] {logging_mixin.py:190} INFO - [2025-04-10T20:23:00.143+0000] {dag.py:4180} INFO - Setting next_dagrun for approval_rejection_dag to None, run_after=None
[2025-04-10T20:23:00.176+0000] {processor.py:208} INFO - Processing /opt/airflow/dags/newdags.py took 0.985 seconds
[2025-04-10T20:23:30.680+0000] {processor.py:186} INFO - Started process (PID=203) to work on /opt/airflow/dags/newdags.py
[2025-04-10T20:23:30.681+0000] {processor.py:914} INFO - Processing file /opt/airflow/dags/newdags.py for tasks to queue
[2025-04-10T20:23:30.692+0000] {logging_mixin.py:190} INFO - [2025-04-10T20:23:30.691+0000] {dagbag.py:588} INFO - Filling up the DagBag from /opt/airflow/dags/newdags.py
[2025-04-10T20:23:32.174+0000] {processor.py:925} INFO - DAG(s) 'approval_rejection_dag' retrieved from /opt/airflow/dags/newdags.py
[2025-04-10T20:23:32.457+0000] {logging_mixin.py:190} INFO - [2025-04-10T20:23:32.457+0000] {dag.py:3239} INFO - Sync 1 DAGs
[2025-04-10T20:23:32.501+0000] {logging_mixin.py:190} INFO - [2025-04-10T20:23:32.501+0000] {dag.py:4180} INFO - Setting next_dagrun for approval_rejection_dag to None, run_after=None
[2025-04-10T20:23:32.564+0000] {processor.py:208} INFO - Processing /opt/airflow/dags/newdags.py took 1.913 seconds
[2025-04-10T20:24:02.939+0000] {processor.py:186} INFO - Started process (PID=220) to work on /opt/airflow/dags/newdags.py
[2025-04-10T20:24:02.940+0000] {processor.py:914} INFO - Processing file /opt/airflow/dags/newdags.py for tasks to queue
[2025-04-10T20:24:02.943+0000] {logging_mixin.py:190} INFO - [2025-04-10T20:24:02.943+0000] {dagbag.py:588} INFO - Filling up the DagBag from /opt/airflow/dags/newdags.py
[2025-04-10T20:24:03.498+0000] {processor.py:925} INFO - DAG(s) 'approval_rejection_dag' retrieved from /opt/airflow/dags/newdags.py
[2025-04-10T20:24:03.531+0000] {logging_mixin.py:190} INFO - [2025-04-10T20:24:03.530+0000] {dag.py:3239} INFO - Sync 1 DAGs
[2025-04-10T20:24:03.555+0000] {logging_mixin.py:190} INFO - [2025-04-10T20:24:03.555+0000] {dag.py:4180} INFO - Setting next_dagrun for approval_rejection_dag to None, run_after=None
[2025-04-10T20:24:03.584+0000] {processor.py:208} INFO - Processing /opt/airflow/dags/newdags.py took 0.652 seconds
[2025-04-10T20:24:34.072+0000] {processor.py:186} INFO - Started process (PID=230) to work on /opt/airflow/dags/newdags.py
[2025-04-10T20:24:34.073+0000] {processor.py:914} INFO - Processing file /opt/airflow/dags/newdags.py for tasks to queue
[2025-04-10T20:24:34.076+0000] {logging_mixin.py:190} INFO - [2025-04-10T20:24:34.075+0000] {dagbag.py:588} INFO - Filling up the DagBag from /opt/airflow/dags/newdags.py
[2025-04-10T20:24:34.641+0000] {processor.py:925} INFO - DAG(s) 'approval_rejection_dag' retrieved from /opt/airflow/dags/newdags.py
[2025-04-10T20:24:34.738+0000] {logging_mixin.py:190} INFO - [2025-04-10T20:24:34.737+0000] {dag.py:3239} INFO - Sync 1 DAGs
[2025-04-10T20:24:34.754+0000] {logging_mixin.py:190} INFO - [2025-04-10T20:24:34.753+0000] {dag.py:4180} INFO - Setting next_dagrun for approval_rejection_dag to None, run_after=None
[2025-04-10T20:24:34.774+0000] {processor.py:208} INFO - Processing /opt/airflow/dags/newdags.py took 0.712 seconds
[2025-04-10T20:25:05.140+0000] {processor.py:186} INFO - Started process (PID=241) to work on /opt/airflow/dags/newdags.py
[2025-04-10T20:25:05.142+0000] {processor.py:914} INFO - Processing file /opt/airflow/dags/newdags.py for tasks to queue
[2025-04-10T20:25:05.146+0000] {logging_mixin.py:190} INFO - [2025-04-10T20:25:05.146+0000] {dagbag.py:588} INFO - Filling up the DagBag from /opt/airflow/dags/newdags.py
[2025-04-10T20:25:06.266+0000] {processor.py:925} INFO - DAG(s) 'approval_rejection_dag' retrieved from /opt/airflow/dags/newdags.py
[2025-04-10T20:25:06.313+0000] {logging_mixin.py:190} INFO - [2025-04-10T20:25:06.312+0000] {dag.py:3239} INFO - Sync 1 DAGs
[2025-04-10T20:25:06.343+0000] {logging_mixin.py:190} INFO - [2025-04-10T20:25:06.343+0000] {dag.py:4180} INFO - Setting next_dagrun for approval_rejection_dag to None, run_after=None
[2025-04-10T20:25:06.387+0000] {processor.py:208} INFO - Processing /opt/airflow/dags/newdags.py took 1.265 seconds
[2025-04-10T20:25:36.815+0000] {processor.py:186} INFO - Started process (PID=252) to work on /opt/airflow/dags/newdags.py
[2025-04-10T20:25:36.816+0000] {processor.py:914} INFO - Processing file /opt/airflow/dags/newdags.py for tasks to queue
[2025-04-10T20:25:36.821+0000] {logging_mixin.py:190} INFO - [2025-04-10T20:25:36.820+0000] {dagbag.py:588} INFO - Filling up the DagBag from /opt/airflow/dags/newdags.py
[2025-04-10T20:25:37.727+0000] {processor.py:925} INFO - DAG(s) 'approval_rejection_dag' retrieved from /opt/airflow/dags/newdags.py
[2025-04-10T20:25:37.910+0000] {logging_mixin.py:190} INFO - [2025-04-10T20:25:37.910+0000] {dag.py:3239} INFO - Sync 1 DAGs
[2025-04-10T20:25:37.934+0000] {logging_mixin.py:190} INFO - [2025-04-10T20:25:37.933+0000] {dag.py:4180} INFO - Setting next_dagrun for approval_rejection_dag to None, run_after=None
[2025-04-10T20:25:37.964+0000] {processor.py:208} INFO - Processing /opt/airflow/dags/newdags.py took 1.164 seconds
[2025-04-10T20:26:08.218+0000] {processor.py:186} INFO - Started process (PID=264) to work on /opt/airflow/dags/newdags.py
[2025-04-10T20:26:08.219+0000] {processor.py:914} INFO - Processing file /opt/airflow/dags/newdags.py for tasks to queue
[2025-04-10T20:26:08.222+0000] {logging_mixin.py:190} INFO - [2025-04-10T20:26:08.221+0000] {dagbag.py:588} INFO - Filling up the DagBag from /opt/airflow/dags/newdags.py
[2025-04-10T20:26:08.983+0000] {processor.py:925} INFO - DAG(s) 'approval_rejection_dag' retrieved from /opt/airflow/dags/newdags.py
[2025-04-10T20:26:08.995+0000] {logging_mixin.py:190} INFO - [2025-04-10T20:26:08.994+0000] {dag.py:3239} INFO - Sync 1 DAGs
[2025-04-10T20:26:09.014+0000] {logging_mixin.py:190} INFO - [2025-04-10T20:26:09.013+0000] {dag.py:4180} INFO - Setting next_dagrun for approval_rejection_dag to None, run_after=None
[2025-04-10T20:26:09.043+0000] {processor.py:208} INFO - Processing /opt/airflow/dags/newdags.py took 0.835 seconds
[2025-04-10T20:26:39.510+0000] {processor.py:186} INFO - Started process (PID=275) to work on /opt/airflow/dags/newdags.py
[2025-04-10T20:26:39.514+0000] {processor.py:914} INFO - Processing file /opt/airflow/dags/newdags.py for tasks to queue
[2025-04-10T20:26:39.519+0000] {logging_mixin.py:190} INFO - [2025-04-10T20:26:39.518+0000] {dagbag.py:588} INFO - Filling up the DagBag from /opt/airflow/dags/newdags.py
[2025-04-10T20:26:40.769+0000] {processor.py:925} INFO - DAG(s) 'approval_rejection_dag' retrieved from /opt/airflow/dags/newdags.py
[2025-04-10T20:26:40.968+0000] {logging_mixin.py:190} INFO - [2025-04-10T20:26:40.968+0000] {dag.py:3239} INFO - Sync 1 DAGs
[2025-04-10T20:26:41.000+0000] {logging_mixin.py:190} INFO - [2025-04-10T20:26:41.000+0000] {dag.py:4180} INFO - Setting next_dagrun for approval_rejection_dag to None, run_after=None
[2025-04-10T20:26:41.061+0000] {processor.py:208} INFO - Processing /opt/airflow/dags/newdags.py took 1.595 seconds
[2025-04-10T20:27:11.702+0000] {processor.py:186} INFO - Started process (PID=288) to work on /opt/airflow/dags/newdags.py
[2025-04-10T20:27:11.704+0000] {processor.py:914} INFO - Processing file /opt/airflow/dags/newdags.py for tasks to queue
[2025-04-10T20:27:11.710+0000] {logging_mixin.py:190} INFO - [2025-04-10T20:27:11.709+0000] {dagbag.py:588} INFO - Filling up the DagBag from /opt/airflow/dags/newdags.py
[2025-04-10T20:27:12.997+0000] {processor.py:925} INFO - DAG(s) 'approval_rejection_dag' retrieved from /opt/airflow/dags/newdags.py
[2025-04-10T20:27:13.171+0000] {logging_mixin.py:190} INFO - [2025-04-10T20:27:13.171+0000] {dag.py:3239} INFO - Sync 1 DAGs
[2025-04-10T20:27:13.195+0000] {logging_mixin.py:190} INFO - [2025-04-10T20:27:13.195+0000] {dag.py:4180} INFO - Setting next_dagrun for approval_rejection_dag to None, run_after=None
[2025-04-10T20:27:13.237+0000] {processor.py:208} INFO - Processing /opt/airflow/dags/newdags.py took 1.558 seconds
[2025-04-10T20:27:43.446+0000] {processor.py:186} INFO - Started process (PID=297) to work on /opt/airflow/dags/newdags.py
[2025-04-10T20:27:43.447+0000] {processor.py:914} INFO - Processing file /opt/airflow/dags/newdags.py for tasks to queue
[2025-04-10T20:27:43.451+0000] {logging_mixin.py:190} INFO - [2025-04-10T20:27:43.451+0000] {dagbag.py:588} INFO - Filling up the DagBag from /opt/airflow/dags/newdags.py
[2025-04-10T20:27:44.040+0000] {processor.py:925} INFO - DAG(s) 'approval_rejection_dag' retrieved from /opt/airflow/dags/newdags.py
[2025-04-10T20:27:44.066+0000] {logging_mixin.py:190} INFO - [2025-04-10T20:27:44.065+0000] {dag.py:3239} INFO - Sync 1 DAGs
[2025-04-10T20:27:44.103+0000] {logging_mixin.py:190} INFO - [2025-04-10T20:27:44.103+0000] {dag.py:4180} INFO - Setting next_dagrun for approval_rejection_dag to None, run_after=None
[2025-04-10T20:27:44.131+0000] {processor.py:208} INFO - Processing /opt/airflow/dags/newdags.py took 0.700 seconds
[2025-04-10T20:28:14.503+0000] {processor.py:186} INFO - Started process (PID=308) to work on /opt/airflow/dags/newdags.py
[2025-04-10T20:28:14.505+0000] {processor.py:914} INFO - Processing file /opt/airflow/dags/newdags.py for tasks to queue
[2025-04-10T20:28:14.508+0000] {logging_mixin.py:190} INFO - [2025-04-10T20:28:14.508+0000] {dagbag.py:588} INFO - Filling up the DagBag from /opt/airflow/dags/newdags.py
[2025-04-10T20:28:15.380+0000] {processor.py:925} INFO - DAG(s) 'approval_rejection_dag' retrieved from /opt/airflow/dags/newdags.py
[2025-04-10T20:28:15.475+0000] {logging_mixin.py:190} INFO - [2025-04-10T20:28:15.475+0000] {dag.py:3239} INFO - Sync 1 DAGs
[2025-04-10T20:28:15.498+0000] {logging_mixin.py:190} INFO - [2025-04-10T20:28:15.497+0000] {dag.py:4180} INFO - Setting next_dagrun for approval_rejection_dag to None, run_after=None
[2025-04-10T20:28:15.528+0000] {processor.py:208} INFO - Processing /opt/airflow/dags/newdags.py took 1.037 seconds
[2025-04-10T20:28:45.704+0000] {processor.py:186} INFO - Started process (PID=319) to work on /opt/airflow/dags/newdags.py
[2025-04-10T20:28:45.706+0000] {processor.py:914} INFO - Processing file /opt/airflow/dags/newdags.py for tasks to queue
[2025-04-10T20:28:45.709+0000] {logging_mixin.py:190} INFO - [2025-04-10T20:28:45.709+0000] {dagbag.py:588} INFO - Filling up the DagBag from /opt/airflow/dags/newdags.py
[2025-04-10T20:28:46.620+0000] {processor.py:925} INFO - DAG(s) 'approval_rejection_dag' retrieved from /opt/airflow/dags/newdags.py
[2025-04-10T20:28:46.679+0000] {logging_mixin.py:190} INFO - [2025-04-10T20:28:46.677+0000] {dag.py:3239} INFO - Sync 1 DAGs
[2025-04-10T20:28:46.717+0000] {logging_mixin.py:190} INFO - [2025-04-10T20:28:46.717+0000] {dag.py:4180} INFO - Setting next_dagrun for approval_rejection_dag to None, run_after=None
[2025-04-10T20:28:46.757+0000] {processor.py:208} INFO - Processing /opt/airflow/dags/newdags.py took 1.064 seconds
[2025-04-10T20:29:17.159+0000] {processor.py:186} INFO - Started process (PID=329) to work on /opt/airflow/dags/newdags.py
[2025-04-10T20:29:17.161+0000] {processor.py:914} INFO - Processing file /opt/airflow/dags/newdags.py for tasks to queue
[2025-04-10T20:29:17.166+0000] {logging_mixin.py:190} INFO - [2025-04-10T20:29:17.165+0000] {dagbag.py:588} INFO - Filling up the DagBag from /opt/airflow/dags/newdags.py
[2025-04-10T20:29:18.055+0000] {processor.py:925} INFO - DAG(s) 'approval_rejection_dag' retrieved from /opt/airflow/dags/newdags.py
[2025-04-10T20:29:18.262+0000] {logging_mixin.py:190} INFO - [2025-04-10T20:29:18.261+0000] {dag.py:3239} INFO - Sync 1 DAGs
[2025-04-10T20:29:18.287+0000] {logging_mixin.py:190} INFO - [2025-04-10T20:29:18.286+0000] {dag.py:4180} INFO - Setting next_dagrun for approval_rejection_dag to None, run_after=None
[2025-04-10T20:29:18.337+0000] {processor.py:208} INFO - Processing /opt/airflow/dags/newdags.py took 1.192 seconds
[2025-04-10T20:29:48.587+0000] {processor.py:186} INFO - Started process (PID=339) to work on /opt/airflow/dags/newdags.py
[2025-04-10T20:29:48.588+0000] {processor.py:914} INFO - Processing file /opt/airflow/dags/newdags.py for tasks to queue
[2025-04-10T20:29:48.593+0000] {logging_mixin.py:190} INFO - [2025-04-10T20:29:48.593+0000] {dagbag.py:588} INFO - Filling up the DagBag from /opt/airflow/dags/newdags.py
[2025-04-10T20:29:49.448+0000] {processor.py:925} INFO - DAG(s) 'approval_rejection_dag' retrieved from /opt/airflow/dags/newdags.py
[2025-04-10T20:29:49.480+0000] {logging_mixin.py:190} INFO - [2025-04-10T20:29:49.480+0000] {dag.py:3239} INFO - Sync 1 DAGs
[2025-04-10T20:29:49.503+0000] {logging_mixin.py:190} INFO - [2025-04-10T20:29:49.503+0000] {dag.py:4180} INFO - Setting next_dagrun for approval_rejection_dag to None, run_after=None
[2025-04-10T20:29:49.525+0000] {processor.py:208} INFO - Processing /opt/airflow/dags/newdags.py took 0.954 seconds
[2025-04-10T20:30:19.854+0000] {processor.py:186} INFO - Started process (PID=349) to work on /opt/airflow/dags/newdags.py
[2025-04-10T20:30:19.855+0000] {processor.py:914} INFO - Processing file /opt/airflow/dags/newdags.py for tasks to queue
[2025-04-10T20:30:19.858+0000] {logging_mixin.py:190} INFO - [2025-04-10T20:30:19.858+0000] {dagbag.py:588} INFO - Filling up the DagBag from /opt/airflow/dags/newdags.py
[2025-04-10T20:30:20.476+0000] {processor.py:925} INFO - DAG(s) 'approval_rejection_dag' retrieved from /opt/airflow/dags/newdags.py
[2025-04-10T20:30:20.557+0000] {logging_mixin.py:190} INFO - [2025-04-10T20:30:20.557+0000] {dag.py:3239} INFO - Sync 1 DAGs
[2025-04-10T20:30:20.571+0000] {logging_mixin.py:190} INFO - [2025-04-10T20:30:20.570+0000] {dag.py:4180} INFO - Setting next_dagrun for approval_rejection_dag to None, run_after=None
[2025-04-10T20:30:20.590+0000] {processor.py:208} INFO - Processing /opt/airflow/dags/newdags.py took 0.747 seconds
[2025-04-10T20:30:50.901+0000] {processor.py:186} INFO - Started process (PID=359) to work on /opt/airflow/dags/newdags.py
[2025-04-10T20:30:50.902+0000] {processor.py:914} INFO - Processing file /opt/airflow/dags/newdags.py for tasks to queue
[2025-04-10T20:30:50.904+0000] {logging_mixin.py:190} INFO - [2025-04-10T20:30:50.904+0000] {dagbag.py:588} INFO - Filling up the DagBag from /opt/airflow/dags/newdags.py
[2025-04-10T20:30:51.604+0000] {processor.py:925} INFO - DAG(s) 'approval_rejection_dag' retrieved from /opt/airflow/dags/newdags.py
[2025-04-10T20:30:51.633+0000] {logging_mixin.py:190} INFO - [2025-04-10T20:30:51.633+0000] {dag.py:3239} INFO - Sync 1 DAGs
[2025-04-10T20:30:51.655+0000] {logging_mixin.py:190} INFO - [2025-04-10T20:30:51.654+0000] {dag.py:4180} INFO - Setting next_dagrun for approval_rejection_dag to None, run_after=None
[2025-04-10T20:30:51.685+0000] {processor.py:208} INFO - Processing /opt/airflow/dags/newdags.py took 0.795 seconds
[2025-04-10T20:31:22.102+0000] {processor.py:186} INFO - Started process (PID=369) to work on /opt/airflow/dags/newdags.py
[2025-04-10T20:31:22.105+0000] {processor.py:914} INFO - Processing file /opt/airflow/dags/newdags.py for tasks to queue
[2025-04-10T20:31:22.116+0000] {logging_mixin.py:190} INFO - [2025-04-10T20:31:22.114+0000] {dagbag.py:588} INFO - Filling up the DagBag from /opt/airflow/dags/newdags.py
[2025-04-10T20:31:23.793+0000] {processor.py:925} INFO - DAG(s) 'approval_rejection_dag' retrieved from /opt/airflow/dags/newdags.py
[2025-04-10T20:31:23.886+0000] {logging_mixin.py:190} INFO - [2025-04-10T20:31:23.886+0000] {dag.py:3239} INFO - Sync 1 DAGs
[2025-04-10T20:31:23.901+0000] {logging_mixin.py:190} INFO - [2025-04-10T20:31:23.901+0000] {dag.py:4180} INFO - Setting next_dagrun for approval_rejection_dag to None, run_after=None
[2025-04-10T20:31:23.932+0000] {processor.py:208} INFO - Processing /opt/airflow/dags/newdags.py took 1.864 seconds
[2025-04-10T20:31:54.168+0000] {processor.py:186} INFO - Started process (PID=378) to work on /opt/airflow/dags/newdags.py
[2025-04-10T20:31:54.171+0000] {processor.py:914} INFO - Processing file /opt/airflow/dags/newdags.py for tasks to queue
[2025-04-10T20:31:54.174+0000] {logging_mixin.py:190} INFO - [2025-04-10T20:31:54.173+0000] {dagbag.py:588} INFO - Filling up the DagBag from /opt/airflow/dags/newdags.py
[2025-04-10T20:31:54.963+0000] {processor.py:925} INFO - DAG(s) 'approval_rejection_dag' retrieved from /opt/airflow/dags/newdags.py
[2025-04-10T20:31:55.013+0000] {logging_mixin.py:190} INFO - [2025-04-10T20:31:55.012+0000] {dag.py:3239} INFO - Sync 1 DAGs
[2025-04-10T20:31:55.051+0000] {logging_mixin.py:190} INFO - [2025-04-10T20:31:55.050+0000] {dag.py:4180} INFO - Setting next_dagrun for approval_rejection_dag to None, run_after=None
[2025-04-10T20:31:55.098+0000] {processor.py:208} INFO - Processing /opt/airflow/dags/newdags.py took 0.938 seconds
[2025-04-10T20:32:25.486+0000] {processor.py:186} INFO - Started process (PID=388) to work on /opt/airflow/dags/newdags.py
[2025-04-10T20:32:25.487+0000] {processor.py:914} INFO - Processing file /opt/airflow/dags/newdags.py for tasks to queue
[2025-04-10T20:32:25.490+0000] {logging_mixin.py:190} INFO - [2025-04-10T20:32:25.490+0000] {dagbag.py:588} INFO - Filling up the DagBag from /opt/airflow/dags/newdags.py
[2025-04-10T20:32:26.027+0000] {processor.py:925} INFO - DAG(s) 'approval_rejection_dag' retrieved from /opt/airflow/dags/newdags.py
[2025-04-10T20:32:26.107+0000] {logging_mixin.py:190} INFO - [2025-04-10T20:32:26.106+0000] {dag.py:3239} INFO - Sync 1 DAGs
[2025-04-10T20:32:26.118+0000] {logging_mixin.py:190} INFO - [2025-04-10T20:32:26.118+0000] {dag.py:4180} INFO - Setting next_dagrun for approval_rejection_dag to None, run_after=None
[2025-04-10T20:32:26.136+0000] {processor.py:208} INFO - Processing /opt/airflow/dags/newdags.py took 0.658 seconds
[2025-04-10T20:32:56.406+0000] {processor.py:186} INFO - Started process (PID=398) to work on /opt/airflow/dags/newdags.py
[2025-04-10T20:32:56.407+0000] {processor.py:914} INFO - Processing file /opt/airflow/dags/newdags.py for tasks to queue
[2025-04-10T20:32:56.419+0000] {logging_mixin.py:190} INFO - [2025-04-10T20:32:56.418+0000] {dagbag.py:588} INFO - Filling up the DagBag from /opt/airflow/dags/newdags.py
[2025-04-10T20:32:57.167+0000] {processor.py:925} INFO - DAG(s) 'approval_rejection_dag' retrieved from /opt/airflow/dags/newdags.py
[2025-04-10T20:32:57.198+0000] {logging_mixin.py:190} INFO - [2025-04-10T20:32:57.197+0000] {dag.py:3239} INFO - Sync 1 DAGs
[2025-04-10T20:32:57.218+0000] {logging_mixin.py:190} INFO - [2025-04-10T20:32:57.218+0000] {dag.py:4180} INFO - Setting next_dagrun for approval_rejection_dag to None, run_after=None
[2025-04-10T20:32:57.247+0000] {processor.py:208} INFO - Processing /opt/airflow/dags/newdags.py took 0.856 seconds
[2025-04-10T20:33:52.548+0000] {processor.py:186} INFO - Started process (PID=85) to work on /opt/airflow/dags/newdags.py
[2025-04-10T20:33:52.550+0000] {processor.py:914} INFO - Processing file /opt/airflow/dags/newdags.py for tasks to queue
[2025-04-10T20:33:52.554+0000] {logging_mixin.py:190} INFO - [2025-04-10T20:33:52.553+0000] {dagbag.py:588} INFO - Filling up the DagBag from /opt/airflow/dags/newdags.py
[2025-04-10T20:33:53.681+0000] {processor.py:925} INFO - DAG(s) 'approval_rejection_dag' retrieved from /opt/airflow/dags/newdags.py
[2025-04-10T20:33:53.922+0000] {logging_mixin.py:190} INFO - [2025-04-10T20:33:53.921+0000] {dag.py:3239} INFO - Sync 1 DAGs
[2025-04-10T20:33:53.938+0000] {logging_mixin.py:190} INFO - [2025-04-10T20:33:53.938+0000] {dag.py:4180} INFO - Setting next_dagrun for approval_rejection_dag to None, run_after=None
[2025-04-10T20:33:53.967+0000] {processor.py:208} INFO - Processing /opt/airflow/dags/newdags.py took 1.437 seconds
